#
# There is insufficient memory for the Java Runtime Environment to continue.
# Native memory allocation (malloc) failed to allocate 743216 bytes for Chunk::new
# Possible reasons:
#   The system is out of physical RAM or swap space
#   The process is running with CompressedOops enabled, and the Java Heap may be blocking the growth of the native heap
# Possible solutions:
#   Reduce memory load on the system
#   Increase physical memory or swap space
#   Check if swap backing store is full
#   Decrease Java heap size (-Xmx/-Xms)
#   Decrease number of Java threads
#   Decrease Java thread stack sizes (-Xss)
#   Set larger code cache with -XX:ReservedCodeCacheSize=
#   JVM is running with Unscaled Compressed Oops mode in which the Java heap is
#     placed in the first 4GB address space. The Java Heap base address is the
#     maximum limit for the native heap growth. Please use -XX:HeapBaseMinAddress
#     to set the Java Heap base and to place the Java Heap above 4GB virtual address.
# This output file may be truncated or incomplete.
#
#  Out of Memory Error (arena.cpp:197), pid=4068, tid=9436
#
# JRE version: OpenJDK Runtime Environment Corretto-11.0.19.7.1 (11.0.19+7) (build 11.0.19+7-LTS)
# Java VM: OpenJDK 64-Bit Server VM Corretto-11.0.19.7.1 (11.0.19+7-LTS, mixed mode, tiered, compressed oops, g1 gc, windows-amd64)
# No core dump will be written. Minidumps are not enabled by default on client versions of Windows
#

---------------  S U M M A R Y ------------

Command Line: -Dorg.gradle.internal.worker.tmpdir=C:\Users\F\Desktop\Java\clone\aqa-code\api-ci\Web\build\tmp\test\work -Dorg.gradle.native=false -Xmx512m -Dfile.encoding=windows-1251 -Duser.country=RU -Duser.language=ru -Duser.variant -ea worker.org.gradle.process.internal.worker.GradleWorkerMain 'Gradle Test Executor 1'

Host: AMD Ryzen 7 PRO 2700 Eight-Core Processor      , 16 cores, 15G,  Windows 10 , 64 bit Build 19041 (10.0.19041.3155)
Time: Thu Aug 17 17:30:05 2023 RTZ 2 (s 10 , 64 bit Build 19041 (10.0.19041.3155) elapsed time: 2.096644 seconds (0d 0h 0m 2s)

---------------  T H R E A D  ---------------

Current thread (0x000001d8c52ce000):  JavaThread "C2 CompilerThread3" daemon [_thread_in_native, id=9436, stack(0x000000ab56e00000,0x000000ab56f00000)]


Current CompileTask:
C2:   2096 2408       4       java.lang.invoke.MethodType::makeImpl (108 bytes)

Stack: [0x000000ab56e00000,0x000000ab56f00000]
Native frames: (J=compiled Java code, j=interpreted, Vv=VM code, C=native code)
V  [jvm.dll+0x6235aa]
V  [jvm.dll+0x7b0f89]
V  [jvm.dll+0x7b2678]
V  [jvm.dll+0x7b2d53]
V  [jvm.dll+0x24fe38]
V  [jvm.dll+0xc264c]
V  [jvm.dll+0xc2c0c]
V  [jvm.dll+0x2c3dd4]
V  [jvm.dll+0x53215c]
V  [jvm.dll+0x208b26]
V  [jvm.dll+0x20aba0]
V  [jvm.dll+0x2082eb]
V  [jvm.dll+0x18a3c1]
V  [jvm.dll+0x217ab4]
V  [jvm.dll+0x215cfb]
V  [jvm.dll+0x773a90]
V  [jvm.dll+0x76c9c4]
V  [jvm.dll+0x622415]
C  [ucrtbase.dll+0x21bb2]
C  [KERNEL32.DLL+0x17614]
C  [ntdll.dll+0x526b1]


---------------  P R O C E S S  ---------------

Threads class SMR info:
_java_thread_list=0x000001d8c7a88fb0, length=28, elements={
0x000001d8a57e4800, 0x000001d8c423a800, 0x000001d8c4243000, 0x000001d8c429a000,
0x000001d8c429b000, 0x000001d8c429c000, 0x000001d8c42a1800, 0x000001d8c42ae000,
0x000001d8c42b0800, 0x000001d8c4420000, 0x000001d8c4460800, 0x000001d8c4b7b800,
0x000001d8c4c20800, 0x000001d8c4ee5800, 0x000001d8c5231000, 0x000001d8c5232000,
0x000001d8c52a9000, 0x000001d8c52c3000, 0x000001d8c52ce000, 0x000001d8c680f800,
0x000001d8c7867000, 0x000001d8c554e800, 0x000001d8c589b800, 0x000001d8c6edc800,
0x000001d8c7a94000, 0x000001d8c7a92800, 0x000001d8c7a94800, 0x000001d8c7a95800
}

Java Threads: ( => current thread )
  0x000001d8a57e4800 JavaThread "Forwarding newSession on session null to remote" [_thread_in_vm, id=15828, stack(0x000000ab55400000,0x000000ab55500000)]
  0x000001d8c423a800 JavaThread "Reference Handler" daemon [_thread_blocked, id=17856, stack(0x000000ab55b00000,0x000000ab55c00000)]
  0x000001d8c4243000 JavaThread "Finalizer" daemon [_thread_blocked, id=17944, stack(0x000000ab55c00000,0x000000ab55d00000)]
  0x000001d8c429a000 JavaThread "Signal Dispatcher" daemon [_thread_blocked, id=4744, stack(0x000000ab55d00000,0x000000ab55e00000)]
  0x000001d8c429b000 JavaThread "Attach Listener" daemon [_thread_blocked, id=9280, stack(0x000000ab55e00000,0x000000ab55f00000)]
  0x000001d8c429c000 JavaThread "Service Thread" daemon [_thread_blocked, id=3992, stack(0x000000ab55f00000,0x000000ab56000000)]
  0x000001d8c42a1800 JavaThread "C2 CompilerThread0" daemon [_thread_in_native, id=17200, stack(0x000000ab56000000,0x000000ab56100000)]
  0x000001d8c42ae000 JavaThread "C1 CompilerThread0" daemon [_thread_blocked, id=7932, stack(0x000000ab56100000,0x000000ab56200000)]
  0x000001d8c42b0800 JavaThread "Sweeper thread" daemon [_thread_blocked, id=6048, stack(0x000000ab56200000,0x000000ab56300000)]
  0x000001d8c4420000 JavaThread "C1 CompilerThread1" daemon [_thread_blocked, id=3724, stack(0x000000ab56300000,0x000000ab56400000)]
  0x000001d8c4460800 JavaThread "Common-Cleaner" daemon [_thread_blocked, id=15112, stack(0x000000ab56500000,0x000000ab56600000)]
  0x000001d8c4b7b800 JavaThread "C1 CompilerThread2" daemon [_thread_blocked, id=15832, stack(0x000000ab56600000,0x000000ab56700000)]
  0x000001d8c4c20800 JavaThread "C1 CompilerThread3" daemon [_thread_blocked, id=10996, stack(0x000000ab56700000,0x000000ab56800000)]
  0x000001d8c4ee5800 JavaThread "/127.0.0.1:49628 to /127.0.0.1:49627 workers" [_thread_blocked, id=18416, stack(0x000000ab56900000,0x000000ab56a00000)]
  0x000001d8c5231000 JavaThread "/127.0.0.1:49628 to /127.0.0.1:49627 workers Thread 2" [_thread_blocked, id=10400, stack(0x000000ab56a00000,0x000000ab56b00000)]
  0x000001d8c5232000 JavaThread "/127.0.0.1:49628 to /127.0.0.1:49627 workers Thread 3" [_thread_in_native, id=9760, stack(0x000000ab56b00000,0x000000ab56c00000)]
  0x000001d8c52a9000 JavaThread "C2 CompilerThread1" daemon [_thread_in_native, id=12540, stack(0x000000ab56c00000,0x000000ab56d00000)]
  0x000001d8c52c3000 JavaThread "C2 CompilerThread2" daemon [_thread_blocked, id=1980, stack(0x000000ab56d00000,0x000000ab56e00000)]
=>0x000001d8c52ce000 JavaThread "C2 CompilerThread3" daemon [_thread_in_native, id=9436, stack(0x000000ab56e00000,0x000000ab56f00000)]
  0x000001d8c680f800 JavaThread "ForkJoinPool.commonPool-worker-19" daemon [_thread_blocked, id=15932, stack(0x000000ab57800000,0x000000ab57900000)]
  0x000001d8c7867000 JavaThread "AsyncHttpClient-1-1" daemon [_thread_blocked, id=4120, stack(0x000000ab57900000,0x000000ab57a00000)]
  0x000001d8c554e800 JavaThread "Exec Default Executor" daemon [_thread_in_native, id=16400, stack(0x000000ab57a00000,0x000000ab57b00000)]
  0x000001d8c589b800 JavaThread "Exec Stream Pumper" daemon [_thread_in_native, id=3400, stack(0x000000ab57b00000,0x000000ab57c00000)]
  0x000001d8c6edc800 JavaThread "Exec Stream Pumper" daemon [_thread_in_native, id=11964, stack(0x000000ab57c00000,0x000000ab57d00000)]
  0x000001d8c7a94000 JavaThread "Driver Service Executor" daemon [_thread_blocked, id=960, stack(0x000000ab57d00000,0x000000ab57e00000)]
  0x000001d8c7a92800 JavaThread "Driver Service Executor" daemon [_thread_blocked, id=18408, stack(0x000000ab57e00000,0x000000ab57f00000)]
  0x000001d8c7a94800 JavaThread "UrlChecker-2" daemon [_thread_blocked, id=5828, stack(0x000000ab57f00000,0x000000ab58000000)]
  0x000001d8c7a95800 JavaThread "Keep-Alive-Timer" daemon [_thread_blocked, id=9416, stack(0x000000ab58000000,0x000000ab58100000)]

Other Threads:
  0x000001d8c4218000 VMThread "VM Thread" [stack: 0x000000ab55a00000,0x000000ab55b00000] [id=9296]
  0x000001d8c4452800 WatcherThread [stack: 0x000000ab56400000,0x000000ab56500000] [id=16084]
  0x000001d8a57ff000 GCTaskThread "GC Thread#0" [stack: 0x000000ab55500000,0x000000ab55600000] [id=16292]
  0x000001d8c52a8000 GCTaskThread "GC Thread#1" [stack: 0x000000ab56f00000,0x000000ab57000000] [id=4700]
  0x000001d8c5b83000 GCTaskThread "GC Thread#2" [stack: 0x000000ab57000000,0x000000ab57100000] [id=2676]
  0x000001d8c5c21000 GCTaskThread "GC Thread#3" [stack: 0x000000ab57100000,0x000000ab57200000] [id=17192]
  0x000001d8c5bdf800 GCTaskThread "GC Thread#4" [stack: 0x000000ab57200000,0x000000ab57300000] [id=15868]
  0x000001d8c5516000 GCTaskThread "GC Thread#5" [stack: 0x000000ab57300000,0x000000ab57400000] [id=1840]
  0x000001d8c51aa000 GCTaskThread "GC Thread#6" [stack: 0x000000ab57400000,0x000000ab57500000] [id=3120]
  0x000001d8c573c800 GCTaskThread "GC Thread#7" [stack: 0x000000ab57500000,0x000000ab57600000] [id=11836]
  0x000001d8a5814000 ConcurrentGCThread "G1 Main Marker" [stack: 0x000000ab55600000,0x000000ab55700000] [id=15200]
  0x000001d8a5815800 ConcurrentGCThread "G1 Conc#0" [stack: 0x000000ab55700000,0x000000ab55800000] [id=11152]
  0x000001d8c7c40800 ConcurrentGCThread "G1 Conc#1" [stack: 0x000000ab57600000,0x000000ab57700000] [id=4648]
  0x000001d8c6ff7800 ConcurrentGCThread "G1 Conc#2" [stack: 0x000000ab57700000,0x000000ab57800000] [id=4572]
  0x000001d8a58be000 ConcurrentGCThread "G1 Refine#0" [stack: 0x000000ab55800000,0x000000ab55900000] [id=14632]
  0x000001d8c387d800 ConcurrentGCThread "G1 Young RemSet Sampling" [stack: 0x000000ab55900000,0x000000ab55a00000] [id=3812]

Threads with active compile tasks:
C2 CompilerThread0     2116 2411       4       jdk.internal.loader.URLClassPath::getResource (74 bytes)
C2 CompilerThread1     2116 2366  s!   4       jdk.internal.loader.URLClassPath::getLoader (194 bytes)
C2 CompilerThread2     2116 2427       4       sun.net.util.IPAddressUtil::checkHostString (53 bytes)
C2 CompilerThread3     2116 2408       4       java.lang.invoke.MethodType::makeImpl (108 bytes)

VM state:not at safepoint (normal execution)

VM Mutex/Monitor currently owned by a thread: None

Heap address: 0x00000000e0000000, size: 512 MB, Compressed Oops mode: 32-bit
Narrow klass base: 0x0000000000000000, Narrow klass shift: 3
Compressed class space size: 1073741824 Address: 0x0000000100000000

Heap:
 garbage-first heap   total 262144K, used 50316K [0x00000000e0000000, 0x0000000100000000)
  region size 1024K, 39 young (39936K), 1 survivors (1024K)
 Metaspace       used 28117K, capacity 29039K, committed 29184K, reserved 1075200K
  class space    used 3231K, capacity 3582K, committed 3584K, reserved 1048576K
Heap Regions: E=young(eden), S=young(survivor), O=old, HS=humongous(starts), HC=humongous(continues), CS=collection set, F=free, A=archive, TAMS=top-at-mark-start (previous, next)
|   0|0x00000000e0000000, 0x00000000e0100000, 0x00000000e0100000|100%| O|  |TAMS 0x00000000e0100000, 0x00000000e0000000| Untracked 
|   1|0x00000000e0100000, 0x00000000e0200000, 0x00000000e0200000|100%| O|  |TAMS 0x00000000e0200000, 0x00000000e0100000| Untracked 
|   2|0x00000000e0200000, 0x00000000e0300000, 0x00000000e0300000|100%| O|  |TAMS 0x00000000e0300000, 0x00000000e0200000| Untracked 
|   3|0x00000000e0300000, 0x00000000e0400000, 0x00000000e0400000|100%| O|  |TAMS 0x00000000e038c600, 0x00000000e0300000| Untracked 
|   4|0x00000000e0400000, 0x00000000e0500000, 0x00000000e0500000|100%| O|  |TAMS 0x00000000e0400000, 0x00000000e0400000| Untracked 
|   5|0x00000000e0500000, 0x00000000e0600000, 0x00000000e0600000|100%| O|  |TAMS 0x00000000e0500000, 0x00000000e0500000| Untracked 
|   6|0x00000000e0600000, 0x00000000e0700000, 0x00000000e0700000|100%| O|  |TAMS 0x00000000e0600000, 0x00000000e0600000| Untracked 
|   7|0x00000000e0700000, 0x00000000e0800000, 0x00000000e0800000|100%| O|  |TAMS 0x00000000e0700000, 0x00000000e0700000| Untracked 
|   8|0x00000000e0800000, 0x00000000e0900000, 0x00000000e0900000|100%| O|  |TAMS 0x00000000e0800000, 0x00000000e0800000| Untracked 
|   9|0x00000000e0900000, 0x00000000e0a00000, 0x00000000e0a00000|100%| O|  |TAMS 0x00000000e0900000, 0x00000000e0900000| Untracked 
|  10|0x00000000e0a00000, 0x00000000e0b00000, 0x00000000e0b00000|100%| O|  |TAMS 0x00000000e0a00000, 0x00000000e0a00000| Untracked 
|  11|0x00000000e0b00000, 0x00000000e0b23a00, 0x00000000e0c00000| 13%| O|  |TAMS 0x00000000e0b00000, 0x00000000e0b00000| Untracked 
|  12|0x00000000e0c00000, 0x00000000e0c00000, 0x00000000e0d00000|  0%| F|  |TAMS 0x00000000e0c00000, 0x00000000e0c00000| Untracked 
|  13|0x00000000e0d00000, 0x00000000e0d00000, 0x00000000e0e00000|  0%| F|  |TAMS 0x00000000e0d00000, 0x00000000e0d00000| Untracked 
|  14|0x00000000e0e00000, 0x00000000e0e00000, 0x00000000e0f00000|  0%| F|  |TAMS 0x00000000e0e00000, 0x00000000e0e00000| Untracked 
|  15|0x00000000e0f00000, 0x00000000e0f00000, 0x00000000e1000000|  0%| F|  |TAMS 0x00000000e0f00000, 0x00000000e0f00000| Untracked 
|  16|0x00000000e1000000, 0x00000000e1000000, 0x00000000e1100000|  0%| F|  |TAMS 0x00000000e1000000, 0x00000000e1000000| Untracked 
|  17|0x00000000e1100000, 0x00000000e1100000, 0x00000000e1200000|  0%| F|  |TAMS 0x00000000e1100000, 0x00000000e1100000| Untracked 
|  18|0x00000000e1200000, 0x00000000e1200000, 0x00000000e1300000|  0%| F|  |TAMS 0x00000000e1200000, 0x00000000e1200000| Untracked 
|  19|0x00000000e1300000, 0x00000000e1300000, 0x00000000e1400000|  0%| F|  |TAMS 0x00000000e1300000, 0x00000000e1300000| Untracked 
|  20|0x00000000e1400000, 0x00000000e1400000, 0x00000000e1500000|  0%| F|  |TAMS 0x00000000e1400000, 0x00000000e1400000| Untracked 
|  21|0x00000000e1500000, 0x00000000e1500000, 0x00000000e1600000|  0%| F|  |TAMS 0x00000000e1500000, 0x00000000e1500000| Untracked 
|  22|0x00000000e1600000, 0x00000000e1600000, 0x00000000e1700000|  0%| F|  |TAMS 0x00000000e1600000, 0x00000000e1600000| Untracked 
|  23|0x00000000e1700000, 0x00000000e1700000, 0x00000000e1800000|  0%| F|  |TAMS 0x00000000e1700000, 0x00000000e1700000| Untracked 
|  24|0x00000000e1800000, 0x00000000e1800000, 0x00000000e1900000|  0%| F|  |TAMS 0x00000000e1800000, 0x00000000e1800000| Untracked 
|  25|0x00000000e1900000, 0x00000000e1900000, 0x00000000e1a00000|  0%| F|  |TAMS 0x00000000e1900000, 0x00000000e1900000| Untracked 
|  26|0x00000000e1a00000, 0x00000000e1a00000, 0x00000000e1b00000|  0%| F|  |TAMS 0x00000000e1a00000, 0x00000000e1a00000| Untracked 
|  27|0x00000000e1b00000, 0x00000000e1b00000, 0x00000000e1c00000|  0%| F|  |TAMS 0x00000000e1b00000, 0x00000000e1b00000| Untracked 
|  28|0x00000000e1c00000, 0x00000000e1c00000, 0x00000000e1d00000|  0%| F|  |TAMS 0x00000000e1c00000, 0x00000000e1c00000| Untracked 
|  29|0x00000000e1d00000, 0x00000000e1d00000, 0x00000000e1e00000|  0%| F|  |TAMS 0x00000000e1d00000, 0x00000000e1d00000| Untracked 
|  30|0x00000000e1e00000, 0x00000000e1e00000, 0x00000000e1f00000|  0%| F|  |TAMS 0x00000000e1e00000, 0x00000000e1e00000| Untracked 
|  31|0x00000000e1f00000, 0x00000000e1f00000, 0x00000000e2000000|  0%| F|  |TAMS 0x00000000e1f00000, 0x00000000e1f00000| Untracked 
|  32|0x00000000e2000000, 0x00000000e2000000, 0x00000000e2100000|  0%| F|  |TAMS 0x00000000e2000000, 0x00000000e2000000| Untracked 
|  33|0x00000000e2100000, 0x00000000e2100000, 0x00000000e2200000|  0%| F|  |TAMS 0x00000000e2100000, 0x00000000e2100000| Untracked 
|  34|0x00000000e2200000, 0x00000000e2200000, 0x00000000e2300000|  0%| F|  |TAMS 0x00000000e2200000, 0x00000000e2200000| Untracked 
|  35|0x00000000e2300000, 0x00000000e2300000, 0x00000000e2400000|  0%| F|  |TAMS 0x00000000e2300000, 0x00000000e2300000| Untracked 
|  36|0x00000000e2400000, 0x00000000e2400000, 0x00000000e2500000|  0%| F|  |TAMS 0x00000000e2400000, 0x00000000e2400000| Untracked 
|  37|0x00000000e2500000, 0x00000000e2500000, 0x00000000e2600000|  0%| F|  |TAMS 0x00000000e2500000, 0x00000000e2500000| Untracked 
|  38|0x00000000e2600000, 0x00000000e2600000, 0x00000000e2700000|  0%| F|  |TAMS 0x00000000e2600000, 0x00000000e2600000| Untracked 
|  39|0x00000000e2700000, 0x00000000e2700000, 0x00000000e2800000|  0%| F|  |TAMS 0x00000000e2700000, 0x00000000e2700000| Untracked 
|  40|0x00000000e2800000, 0x00000000e2800000, 0x00000000e2900000|  0%| F|  |TAMS 0x00000000e2800000, 0x00000000e2800000| Untracked 
|  41|0x00000000e2900000, 0x00000000e2900000, 0x00000000e2a00000|  0%| F|  |TAMS 0x00000000e2900000, 0x00000000e2900000| Untracked 
|  42|0x00000000e2a00000, 0x00000000e2a00000, 0x00000000e2b00000|  0%| F|  |TAMS 0x00000000e2a00000, 0x00000000e2a00000| Untracked 
|  43|0x00000000e2b00000, 0x00000000e2b00000, 0x00000000e2c00000|  0%| F|  |TAMS 0x00000000e2b00000, 0x00000000e2b00000| Untracked 
|  44|0x00000000e2c00000, 0x00000000e2c00000, 0x00000000e2d00000|  0%| F|  |TAMS 0x00000000e2c00000, 0x00000000e2c00000| Untracked 
|  45|0x00000000e2d00000, 0x00000000e2d00000, 0x00000000e2e00000|  0%| F|  |TAMS 0x00000000e2d00000, 0x00000000e2d00000| Untracked 
|  46|0x00000000e2e00000, 0x00000000e2e00000, 0x00000000e2f00000|  0%| F|  |TAMS 0x00000000e2e00000, 0x00000000e2e00000| Untracked 
|  47|0x00000000e2f00000, 0x00000000e2f00000, 0x00000000e3000000|  0%| F|  |TAMS 0x00000000e2f00000, 0x00000000e2f00000| Untracked 
|  48|0x00000000e3000000, 0x00000000e3000000, 0x00000000e3100000|  0%| F|  |TAMS 0x00000000e3000000, 0x00000000e3000000| Untracked 
|  49|0x00000000e3100000, 0x00000000e3100000, 0x00000000e3200000|  0%| F|  |TAMS 0x00000000e3100000, 0x00000000e3100000| Untracked 
|  50|0x00000000e3200000, 0x00000000e3200000, 0x00000000e3300000|  0%| F|  |TAMS 0x00000000e3200000, 0x00000000e3200000| Untracked 
|  51|0x00000000e3300000, 0x00000000e3300000, 0x00000000e3400000|  0%| F|  |TAMS 0x00000000e3300000, 0x00000000e3300000| Untracked 
|  52|0x00000000e3400000, 0x00000000e3400000, 0x00000000e3500000|  0%| F|  |TAMS 0x00000000e3400000, 0x00000000e3400000| Untracked 
|  53|0x00000000e3500000, 0x00000000e3500000, 0x00000000e3600000|  0%| F|  |TAMS 0x00000000e3500000, 0x00000000e3500000| Untracked 
|  54|0x00000000e3600000, 0x00000000e3600000, 0x00000000e3700000|  0%| F|  |TAMS 0x00000000e3600000, 0x00000000e3600000| Untracked 
|  55|0x00000000e3700000, 0x00000000e3700000, 0x00000000e3800000|  0%| F|  |TAMS 0x00000000e3700000, 0x00000000e3700000| Untracked 
|  56|0x00000000e3800000, 0x00000000e3800000, 0x00000000e3900000|  0%| F|  |TAMS 0x00000000e3800000, 0x00000000e3800000| Untracked 
|  57|0x00000000e3900000, 0x00000000e3900000, 0x00000000e3a00000|  0%| F|  |TAMS 0x00000000e3900000, 0x00000000e3900000| Untracked 
|  58|0x00000000e3a00000, 0x00000000e3a00000, 0x00000000e3b00000|  0%| F|  |TAMS 0x00000000e3a00000, 0x00000000e3a00000| Untracked 
|  59|0x00000000e3b00000, 0x00000000e3b00000, 0x00000000e3c00000|  0%| F|  |TAMS 0x00000000e3b00000, 0x00000000e3b00000| Untracked 
|  60|0x00000000e3c00000, 0x00000000e3c00000, 0x00000000e3d00000|  0%| F|  |TAMS 0x00000000e3c00000, 0x00000000e3c00000| Untracked 
|  61|0x00000000e3d00000, 0x00000000e3d00000, 0x00000000e3e00000|  0%| F|  |TAMS 0x00000000e3d00000, 0x00000000e3d00000| Untracked 
|  62|0x00000000e3e00000, 0x00000000e3e00000, 0x00000000e3f00000|  0%| F|  |TAMS 0x00000000e3e00000, 0x00000000e3e00000| Untracked 
|  63|0x00000000e3f00000, 0x00000000e3f00000, 0x00000000e4000000|  0%| F|  |TAMS 0x00000000e3f00000, 0x00000000e3f00000| Untracked 
|  64|0x00000000e4000000, 0x00000000e4000000, 0x00000000e4100000|  0%| F|  |TAMS 0x00000000e4000000, 0x00000000e4000000| Untracked 
|  65|0x00000000e4100000, 0x00000000e4100000, 0x00000000e4200000|  0%| F|  |TAMS 0x00000000e4100000, 0x00000000e4100000| Untracked 
|  66|0x00000000e4200000, 0x00000000e4200000, 0x00000000e4300000|  0%| F|  |TAMS 0x00000000e4200000, 0x00000000e4200000| Untracked 
|  67|0x00000000e4300000, 0x00000000e4300000, 0x00000000e4400000|  0%| F|  |TAMS 0x00000000e4300000, 0x00000000e4300000| Untracked 
|  68|0x00000000e4400000, 0x00000000e4400000, 0x00000000e4500000|  0%| F|  |TAMS 0x00000000e4400000, 0x00000000e4400000| Untracked 
|  69|0x00000000e4500000, 0x00000000e4500000, 0x00000000e4600000|  0%| F|  |TAMS 0x00000000e4500000, 0x00000000e4500000| Untracked 
|  70|0x00000000e4600000, 0x00000000e4600000, 0x00000000e4700000|  0%| F|  |TAMS 0x00000000e4600000, 0x00000000e4600000| Untracked 
|  71|0x00000000e4700000, 0x00000000e4700000, 0x00000000e4800000|  0%| F|  |TAMS 0x00000000e4700000, 0x00000000e4700000| Untracked 
|  72|0x00000000e4800000, 0x00000000e4800000, 0x00000000e4900000|  0%| F|  |TAMS 0x00000000e4800000, 0x00000000e4800000| Untracked 
|  73|0x00000000e4900000, 0x00000000e4900000, 0x00000000e4a00000|  0%| F|  |TAMS 0x00000000e4900000, 0x00000000e4900000| Untracked 
|  74|0x00000000e4a00000, 0x00000000e4a00000, 0x00000000e4b00000|  0%| F|  |TAMS 0x00000000e4a00000, 0x00000000e4a00000| Untracked 
|  75|0x00000000e4b00000, 0x00000000e4b00000, 0x00000000e4c00000|  0%| F|  |TAMS 0x00000000e4b00000, 0x00000000e4b00000| Untracked 
|  76|0x00000000e4c00000, 0x00000000e4c00000, 0x00000000e4d00000|  0%| F|  |TAMS 0x00000000e4c00000, 0x00000000e4c00000| Untracked 
|  77|0x00000000e4d00000, 0x00000000e4d00000, 0x00000000e4e00000|  0%| F|  |TAMS 0x00000000e4d00000, 0x00000000e4d00000| Untracked 
|  78|0x00000000e4e00000, 0x00000000e4e00000, 0x00000000e4f00000|  0%| F|  |TAMS 0x00000000e4e00000, 0x00000000e4e00000| Untracked 
|  79|0x00000000e4f00000, 0x00000000e4f00000, 0x00000000e5000000|  0%| F|  |TAMS 0x00000000e4f00000, 0x00000000e4f00000| Untracked 
|  80|0x00000000e5000000, 0x00000000e5000000, 0x00000000e5100000|  0%| F|  |TAMS 0x00000000e5000000, 0x00000000e5000000| Untracked 
|  81|0x00000000e5100000, 0x00000000e5100000, 0x00000000e5200000|  0%| F|  |TAMS 0x00000000e5100000, 0x00000000e5100000| Untracked 
|  82|0x00000000e5200000, 0x00000000e5200000, 0x00000000e5300000|  0%| F|  |TAMS 0x00000000e5200000, 0x00000000e5200000| Untracked 
|  83|0x00000000e5300000, 0x00000000e5300000, 0x00000000e5400000|  0%| F|  |TAMS 0x00000000e5300000, 0x00000000e5300000| Untracked 
|  84|0x00000000e5400000, 0x00000000e5400000, 0x00000000e5500000|  0%| F|  |TAMS 0x00000000e5400000, 0x00000000e5400000| Untracked 
|  85|0x00000000e5500000, 0x00000000e5500000, 0x00000000e5600000|  0%| F|  |TAMS 0x00000000e5500000, 0x00000000e5500000| Untracked 
|  86|0x00000000e5600000, 0x00000000e5600000, 0x00000000e5700000|  0%| F|  |TAMS 0x00000000e5600000, 0x00000000e5600000| Untracked 
|  87|0x00000000e5700000, 0x00000000e5700000, 0x00000000e5800000|  0%| F|  |TAMS 0x00000000e5700000, 0x00000000e5700000| Untracked 
|  88|0x00000000e5800000, 0x00000000e5800000, 0x00000000e5900000|  0%| F|  |TAMS 0x00000000e5800000, 0x00000000e5800000| Untracked 
|  89|0x00000000e5900000, 0x00000000e5900000, 0x00000000e5a00000|  0%| F|  |TAMS 0x00000000e5900000, 0x00000000e5900000| Untracked 
|  90|0x00000000e5a00000, 0x00000000e5a00000, 0x00000000e5b00000|  0%| F|  |TAMS 0x00000000e5a00000, 0x00000000e5a00000| Untracked 
|  91|0x00000000e5b00000, 0x00000000e5b00000, 0x00000000e5c00000|  0%| F|  |TAMS 0x00000000e5b00000, 0x00000000e5b00000| Untracked 
|  92|0x00000000e5c00000, 0x00000000e5c00000, 0x00000000e5d00000|  0%| F|  |TAMS 0x00000000e5c00000, 0x00000000e5c00000| Untracked 
|  93|0x00000000e5d00000, 0x00000000e5d00000, 0x00000000e5e00000|  0%| F|  |TAMS 0x00000000e5d00000, 0x00000000e5d00000| Untracked 
|  94|0x00000000e5e00000, 0x00000000e5e00000, 0x00000000e5f00000|  0%| F|  |TAMS 0x00000000e5e00000, 0x00000000e5e00000| Untracked 
|  95|0x00000000e5f00000, 0x00000000e5f00000, 0x00000000e6000000|  0%| F|  |TAMS 0x00000000e5f00000, 0x00000000e5f00000| Untracked 
|  96|0x00000000e6000000, 0x00000000e6000000, 0x00000000e6100000|  0%| F|  |TAMS 0x00000000e6000000, 0x00000000e6000000| Untracked 
|  97|0x00000000e6100000, 0x00000000e6100000, 0x00000000e6200000|  0%| F|  |TAMS 0x00000000e6100000, 0x00000000e6100000| Untracked 
|  98|0x00000000e6200000, 0x00000000e6200000, 0x00000000e6300000|  0%| F|  |TAMS 0x00000000e6200000, 0x00000000e6200000| Untracked 
|  99|0x00000000e6300000, 0x00000000e6300000, 0x00000000e6400000|  0%| F|  |TAMS 0x00000000e6300000, 0x00000000e6300000| Untracked 
| 100|0x00000000e6400000, 0x00000000e6400000, 0x00000000e6500000|  0%| F|  |TAMS 0x00000000e6400000, 0x00000000e6400000| Untracked 
| 101|0x00000000e6500000, 0x00000000e6500000, 0x00000000e6600000|  0%| F|  |TAMS 0x00000000e6500000, 0x00000000e6500000| Untracked 
| 102|0x00000000e6600000, 0x00000000e6600000, 0x00000000e6700000|  0%| F|  |TAMS 0x00000000e6600000, 0x00000000e6600000| Untracked 
| 103|0x00000000e6700000, 0x00000000e6700000, 0x00000000e6800000|  0%| F|  |TAMS 0x00000000e6700000, 0x00000000e6700000| Untracked 
| 104|0x00000000e6800000, 0x00000000e6800000, 0x00000000e6900000|  0%| F|  |TAMS 0x00000000e6800000, 0x00000000e6800000| Untracked 
| 105|0x00000000e6900000, 0x00000000e6900000, 0x00000000e6a00000|  0%| F|  |TAMS 0x00000000e6900000, 0x00000000e6900000| Untracked 
| 106|0x00000000e6a00000, 0x00000000e6a00000, 0x00000000e6b00000|  0%| F|  |TAMS 0x00000000e6a00000, 0x00000000e6a00000| Untracked 
| 107|0x00000000e6b00000, 0x00000000e6b00000, 0x00000000e6c00000|  0%| F|  |TAMS 0x00000000e6b00000, 0x00000000e6b00000| Untracked 
| 108|0x00000000e6c00000, 0x00000000e6c00000, 0x00000000e6d00000|  0%| F|  |TAMS 0x00000000e6c00000, 0x00000000e6c00000| Untracked 
| 109|0x00000000e6d00000, 0x00000000e6d00000, 0x00000000e6e00000|  0%| F|  |TAMS 0x00000000e6d00000, 0x00000000e6d00000| Untracked 
| 110|0x00000000e6e00000, 0x00000000e6e00000, 0x00000000e6f00000|  0%| F|  |TAMS 0x00000000e6e00000, 0x00000000e6e00000| Untracked 
| 111|0x00000000e6f00000, 0x00000000e6f00000, 0x00000000e7000000|  0%| F|  |TAMS 0x00000000e6f00000, 0x00000000e6f00000| Untracked 
| 112|0x00000000e7000000, 0x00000000e7000000, 0x00000000e7100000|  0%| F|  |TAMS 0x00000000e7000000, 0x00000000e7000000| Untracked 
| 113|0x00000000e7100000, 0x00000000e7100000, 0x00000000e7200000|  0%| F|  |TAMS 0x00000000e7100000, 0x00000000e7100000| Untracked 
| 114|0x00000000e7200000, 0x00000000e7200000, 0x00000000e7300000|  0%| F|  |TAMS 0x00000000e7200000, 0x00000000e7200000| Untracked 
| 115|0x00000000e7300000, 0x00000000e7300000, 0x00000000e7400000|  0%| F|  |TAMS 0x00000000e7300000, 0x00000000e7300000| Untracked 
| 116|0x00000000e7400000, 0x00000000e7400000, 0x00000000e7500000|  0%| F|  |TAMS 0x00000000e7400000, 0x00000000e7400000| Untracked 
| 117|0x00000000e7500000, 0x00000000e7500000, 0x00000000e7600000|  0%| F|  |TAMS 0x00000000e7500000, 0x00000000e7500000| Untracked 
| 118|0x00000000e7600000, 0x00000000e7600000, 0x00000000e7700000|  0%| F|  |TAMS 0x00000000e7600000, 0x00000000e7600000| Untracked 
| 119|0x00000000e7700000, 0x00000000e7700000, 0x00000000e7800000|  0%| F|  |TAMS 0x00000000e7700000, 0x00000000e7700000| Untracked 
| 120|0x00000000e7800000, 0x00000000e7800000, 0x00000000e7900000|  0%| F|  |TAMS 0x00000000e7800000, 0x00000000e7800000| Untracked 
| 121|0x00000000e7900000, 0x00000000e7900000, 0x00000000e7a00000|  0%| F|  |TAMS 0x00000000e7900000, 0x00000000e7900000| Untracked 
| 122|0x00000000e7a00000, 0x00000000e7a00000, 0x00000000e7b00000|  0%| F|  |TAMS 0x00000000e7a00000, 0x00000000e7a00000| Untracked 
| 123|0x00000000e7b00000, 0x00000000e7b00000, 0x00000000e7c00000|  0%| F|  |TAMS 0x00000000e7b00000, 0x00000000e7b00000| Untracked 
| 124|0x00000000e7c00000, 0x00000000e7c00000, 0x00000000e7d00000|  0%| F|  |TAMS 0x00000000e7c00000, 0x00000000e7c00000| Untracked 
| 125|0x00000000e7d00000, 0x00000000e7d00000, 0x00000000e7e00000|  0%| F|  |TAMS 0x00000000e7d00000, 0x00000000e7d00000| Untracked 
| 126|0x00000000e7e00000, 0x00000000e7e00000, 0x00000000e7f00000|  0%| F|  |TAMS 0x00000000e7e00000, 0x00000000e7e00000| Untracked 
| 127|0x00000000e7f00000, 0x00000000e7f00000, 0x00000000e8000000|  0%| F|  |TAMS 0x00000000e7f00000, 0x00000000e7f00000| Untracked 
| 128|0x00000000e8000000, 0x00000000e8000000, 0x00000000e8100000|  0%| F|  |TAMS 0x00000000e8000000, 0x00000000e8000000| Untracked 
| 129|0x00000000e8100000, 0x00000000e8100000, 0x00000000e8200000|  0%| F|  |TAMS 0x00000000e8100000, 0x00000000e8100000| Untracked 
| 130|0x00000000e8200000, 0x00000000e8200000, 0x00000000e8300000|  0%| F|  |TAMS 0x00000000e8200000, 0x00000000e8200000| Untracked 
| 131|0x00000000e8300000, 0x00000000e8300000, 0x00000000e8400000|  0%| F|  |TAMS 0x00000000e8300000, 0x00000000e8300000| Untracked 
| 132|0x00000000e8400000, 0x00000000e8400000, 0x00000000e8500000|  0%| F|  |TAMS 0x00000000e8400000, 0x00000000e8400000| Untracked 
| 133|0x00000000e8500000, 0x00000000e8500000, 0x00000000e8600000|  0%| F|  |TAMS 0x00000000e8500000, 0x00000000e8500000| Untracked 
| 134|0x00000000e8600000, 0x00000000e8600000, 0x00000000e8700000|  0%| F|  |TAMS 0x00000000e8600000, 0x00000000e8600000| Untracked 
| 135|0x00000000e8700000, 0x00000000e8700000, 0x00000000e8800000|  0%| F|  |TAMS 0x00000000e8700000, 0x00000000e8700000| Untracked 
| 136|0x00000000e8800000, 0x00000000e8800000, 0x00000000e8900000|  0%| F|  |TAMS 0x00000000e8800000, 0x00000000e8800000| Untracked 
| 137|0x00000000e8900000, 0x00000000e8900000, 0x00000000e8a00000|  0%| F|  |TAMS 0x00000000e8900000, 0x00000000e8900000| Untracked 
| 138|0x00000000e8a00000, 0x00000000e8a00000, 0x00000000e8b00000|  0%| F|  |TAMS 0x00000000e8a00000, 0x00000000e8a00000| Untracked 
| 139|0x00000000e8b00000, 0x00000000e8b00000, 0x00000000e8c00000|  0%| F|  |TAMS 0x00000000e8b00000, 0x00000000e8b00000| Untracked 
| 140|0x00000000e8c00000, 0x00000000e8c00000, 0x00000000e8d00000|  0%| F|  |TAMS 0x00000000e8c00000, 0x00000000e8c00000| Untracked 
| 141|0x00000000e8d00000, 0x00000000e8d00000, 0x00000000e8e00000|  0%| F|  |TAMS 0x00000000e8d00000, 0x00000000e8d00000| Untracked 
| 142|0x00000000e8e00000, 0x00000000e8e00000, 0x00000000e8f00000|  0%| F|  |TAMS 0x00000000e8e00000, 0x00000000e8e00000| Untracked 
| 143|0x00000000e8f00000, 0x00000000e8f00000, 0x00000000e9000000|  0%| F|  |TAMS 0x00000000e8f00000, 0x00000000e8f00000| Untracked 
| 144|0x00000000e9000000, 0x00000000e9000000, 0x00000000e9100000|  0%| F|  |TAMS 0x00000000e9000000, 0x00000000e9000000| Untracked 
| 145|0x00000000e9100000, 0x00000000e9100000, 0x00000000e9200000|  0%| F|  |TAMS 0x00000000e9100000, 0x00000000e9100000| Untracked 
| 146|0x00000000e9200000, 0x00000000e9200000, 0x00000000e9300000|  0%| F|  |TAMS 0x00000000e9200000, 0x00000000e9200000| Untracked 
| 147|0x00000000e9300000, 0x00000000e9300000, 0x00000000e9400000|  0%| F|  |TAMS 0x00000000e9300000, 0x00000000e9300000| Untracked 
| 148|0x00000000e9400000, 0x00000000e9400000, 0x00000000e9500000|  0%| F|  |TAMS 0x00000000e9400000, 0x00000000e9400000| Untracked 
| 149|0x00000000e9500000, 0x00000000e9500000, 0x00000000e9600000|  0%| F|  |TAMS 0x00000000e9500000, 0x00000000e9500000| Untracked 
| 150|0x00000000e9600000, 0x00000000e9600000, 0x00000000e9700000|  0%| F|  |TAMS 0x00000000e9600000, 0x00000000e9600000| Untracked 
| 151|0x00000000e9700000, 0x00000000e9700000, 0x00000000e9800000|  0%| F|  |TAMS 0x00000000e9700000, 0x00000000e9700000| Untracked 
| 152|0x00000000e9800000, 0x00000000e9800000, 0x00000000e9900000|  0%| F|  |TAMS 0x00000000e9800000, 0x00000000e9800000| Untracked 
| 153|0x00000000e9900000, 0x00000000e9900000, 0x00000000e9a00000|  0%| F|  |TAMS 0x00000000e9900000, 0x00000000e9900000| Untracked 
| 154|0x00000000e9a00000, 0x00000000e9a00000, 0x00000000e9b00000|  0%| F|  |TAMS 0x00000000e9a00000, 0x00000000e9a00000| Untracked 
| 155|0x00000000e9b00000, 0x00000000e9b00000, 0x00000000e9c00000|  0%| F|  |TAMS 0x00000000e9b00000, 0x00000000e9b00000| Untracked 
| 156|0x00000000e9c00000, 0x00000000e9c00000, 0x00000000e9d00000|  0%| F|  |TAMS 0x00000000e9c00000, 0x00000000e9c00000| Untracked 
| 157|0x00000000e9d00000, 0x00000000e9d00000, 0x00000000e9e00000|  0%| F|  |TAMS 0x00000000e9d00000, 0x00000000e9d00000| Untracked 
| 158|0x00000000e9e00000, 0x00000000e9e00000, 0x00000000e9f00000|  0%| F|  |TAMS 0x00000000e9e00000, 0x00000000e9e00000| Untracked 
| 159|0x00000000e9f00000, 0x00000000e9f00000, 0x00000000ea000000|  0%| F|  |TAMS 0x00000000e9f00000, 0x00000000e9f00000| Untracked 
| 160|0x00000000ea000000, 0x00000000ea000000, 0x00000000ea100000|  0%| F|  |TAMS 0x00000000ea000000, 0x00000000ea000000| Untracked 
| 161|0x00000000ea100000, 0x00000000ea100000, 0x00000000ea200000|  0%| F|  |TAMS 0x00000000ea100000, 0x00000000ea100000| Untracked 
| 162|0x00000000ea200000, 0x00000000ea200000, 0x00000000ea300000|  0%| F|  |TAMS 0x00000000ea200000, 0x00000000ea200000| Untracked 
| 163|0x00000000ea300000, 0x00000000ea300000, 0x00000000ea400000|  0%| F|  |TAMS 0x00000000ea300000, 0x00000000ea300000| Untracked 
| 164|0x00000000ea400000, 0x00000000ea400000, 0x00000000ea500000|  0%| F|  |TAMS 0x00000000ea400000, 0x00000000ea400000| Untracked 
| 165|0x00000000ea500000, 0x00000000ea500000, 0x00000000ea600000|  0%| F|  |TAMS 0x00000000ea500000, 0x00000000ea500000| Untracked 
| 166|0x00000000ea600000, 0x00000000ea600000, 0x00000000ea700000|  0%| F|  |TAMS 0x00000000ea600000, 0x00000000ea600000| Untracked 
| 167|0x00000000ea700000, 0x00000000ea700000, 0x00000000ea800000|  0%| F|  |TAMS 0x00000000ea700000, 0x00000000ea700000| Untracked 
| 168|0x00000000ea800000, 0x00000000ea800000, 0x00000000ea900000|  0%| F|  |TAMS 0x00000000ea800000, 0x00000000ea800000| Untracked 
| 169|0x00000000ea900000, 0x00000000ea900000, 0x00000000eaa00000|  0%| F|  |TAMS 0x00000000ea900000, 0x00000000ea900000| Untracked 
| 170|0x00000000eaa00000, 0x00000000eaa00000, 0x00000000eab00000|  0%| F|  |TAMS 0x00000000eaa00000, 0x00000000eaa00000| Untracked 
| 171|0x00000000eab00000, 0x00000000eab00000, 0x00000000eac00000|  0%| F|  |TAMS 0x00000000eab00000, 0x00000000eab00000| Untracked 
| 172|0x00000000eac00000, 0x00000000eac00000, 0x00000000ead00000|  0%| F|  |TAMS 0x00000000eac00000, 0x00000000eac00000| Untracked 
| 173|0x00000000ead00000, 0x00000000ead00000, 0x00000000eae00000|  0%| F|  |TAMS 0x00000000ead00000, 0x00000000ead00000| Untracked 
| 174|0x00000000eae00000, 0x00000000eae00000, 0x00000000eaf00000|  0%| F|  |TAMS 0x00000000eae00000, 0x00000000eae00000| Untracked 
| 175|0x00000000eaf00000, 0x00000000eaf00000, 0x00000000eb000000|  0%| F|  |TAMS 0x00000000eaf00000, 0x00000000eaf00000| Untracked 
| 176|0x00000000eb000000, 0x00000000eb000000, 0x00000000eb100000|  0%| F|  |TAMS 0x00000000eb000000, 0x00000000eb000000| Untracked 
| 177|0x00000000eb100000, 0x00000000eb100000, 0x00000000eb200000|  0%| F|  |TAMS 0x00000000eb100000, 0x00000000eb100000| Untracked 
| 178|0x00000000eb200000, 0x00000000eb200000, 0x00000000eb300000|  0%| F|  |TAMS 0x00000000eb200000, 0x00000000eb200000| Untracked 
| 179|0x00000000eb300000, 0x00000000eb300000, 0x00000000eb400000|  0%| F|  |TAMS 0x00000000eb300000, 0x00000000eb300000| Untracked 
| 180|0x00000000eb400000, 0x00000000eb400000, 0x00000000eb500000|  0%| F|  |TAMS 0x00000000eb400000, 0x00000000eb400000| Untracked 
| 181|0x00000000eb500000, 0x00000000eb500000, 0x00000000eb600000|  0%| F|  |TAMS 0x00000000eb500000, 0x00000000eb500000| Untracked 
| 182|0x00000000eb600000, 0x00000000eb600000, 0x00000000eb700000|  0%| F|  |TAMS 0x00000000eb600000, 0x00000000eb600000| Untracked 
| 183|0x00000000eb700000, 0x00000000eb700000, 0x00000000eb800000|  0%| F|  |TAMS 0x00000000eb700000, 0x00000000eb700000| Untracked 
| 184|0x00000000eb800000, 0x00000000eb800000, 0x00000000eb900000|  0%| F|  |TAMS 0x00000000eb800000, 0x00000000eb800000| Untracked 
| 185|0x00000000eb900000, 0x00000000eb900000, 0x00000000eba00000|  0%| F|  |TAMS 0x00000000eb900000, 0x00000000eb900000| Untracked 
| 186|0x00000000eba00000, 0x00000000eba00000, 0x00000000ebb00000|  0%| F|  |TAMS 0x00000000eba00000, 0x00000000eba00000| Untracked 
| 187|0x00000000ebb00000, 0x00000000ebb00000, 0x00000000ebc00000|  0%| F|  |TAMS 0x00000000ebb00000, 0x00000000ebb00000| Untracked 
| 188|0x00000000ebc00000, 0x00000000ebc00000, 0x00000000ebd00000|  0%| F|  |TAMS 0x00000000ebc00000, 0x00000000ebc00000| Untracked 
| 189|0x00000000ebd00000, 0x00000000ebd00000, 0x00000000ebe00000|  0%| F|  |TAMS 0x00000000ebd00000, 0x00000000ebd00000| Untracked 
| 190|0x00000000ebe00000, 0x00000000ebe00000, 0x00000000ebf00000|  0%| F|  |TAMS 0x00000000ebe00000, 0x00000000ebe00000| Untracked 
| 191|0x00000000ebf00000, 0x00000000ebf00000, 0x00000000ec000000|  0%| F|  |TAMS 0x00000000ebf00000, 0x00000000ebf00000| Untracked 
| 192|0x00000000ec000000, 0x00000000ec000000, 0x00000000ec100000|  0%| F|  |TAMS 0x00000000ec000000, 0x00000000ec000000| Untracked 
| 193|0x00000000ec100000, 0x00000000ec100000, 0x00000000ec200000|  0%| F|  |TAMS 0x00000000ec100000, 0x00000000ec100000| Untracked 
| 194|0x00000000ec200000, 0x00000000ec200000, 0x00000000ec300000|  0%| F|  |TAMS 0x00000000ec200000, 0x00000000ec200000| Untracked 
| 195|0x00000000ec300000, 0x00000000ec300000, 0x00000000ec400000|  0%| F|  |TAMS 0x00000000ec300000, 0x00000000ec300000| Untracked 
| 196|0x00000000ec400000, 0x00000000ec400000, 0x00000000ec500000|  0%| F|  |TAMS 0x00000000ec400000, 0x00000000ec400000| Untracked 
| 197|0x00000000ec500000, 0x00000000ec500000, 0x00000000ec600000|  0%| F|  |TAMS 0x00000000ec500000, 0x00000000ec500000| Untracked 
| 198|0x00000000ec600000, 0x00000000ec600000, 0x00000000ec700000|  0%| F|  |TAMS 0x00000000ec600000, 0x00000000ec600000| Untracked 
| 199|0x00000000ec700000, 0x00000000ec700000, 0x00000000ec800000|  0%| F|  |TAMS 0x00000000ec700000, 0x00000000ec700000| Untracked 
| 200|0x00000000ec800000, 0x00000000ec800000, 0x00000000ec900000|  0%| F|  |TAMS 0x00000000ec800000, 0x00000000ec800000| Untracked 
| 201|0x00000000ec900000, 0x00000000ec900000, 0x00000000eca00000|  0%| F|  |TAMS 0x00000000ec900000, 0x00000000ec900000| Untracked 
| 202|0x00000000eca00000, 0x00000000eca00000, 0x00000000ecb00000|  0%| F|  |TAMS 0x00000000eca00000, 0x00000000eca00000| Untracked 
| 203|0x00000000ecb00000, 0x00000000ecb00000, 0x00000000ecc00000|  0%| F|  |TAMS 0x00000000ecb00000, 0x00000000ecb00000| Untracked 
| 204|0x00000000ecc00000, 0x00000000ecc00000, 0x00000000ecd00000|  0%| F|  |TAMS 0x00000000ecc00000, 0x00000000ecc00000| Untracked 
| 205|0x00000000ecd00000, 0x00000000ecd00000, 0x00000000ece00000|  0%| F|  |TAMS 0x00000000ecd00000, 0x00000000ecd00000| Untracked 
| 206|0x00000000ece00000, 0x00000000ece00000, 0x00000000ecf00000|  0%| F|  |TAMS 0x00000000ece00000, 0x00000000ece00000| Untracked 
| 207|0x00000000ecf00000, 0x00000000ecf00000, 0x00000000ed000000|  0%| F|  |TAMS 0x00000000ecf00000, 0x00000000ecf00000| Untracked 
| 208|0x00000000ed000000, 0x00000000ed000000, 0x00000000ed100000|  0%| F|  |TAMS 0x00000000ed000000, 0x00000000ed000000| Untracked 
| 209|0x00000000ed100000, 0x00000000ed100000, 0x00000000ed200000|  0%| F|  |TAMS 0x00000000ed100000, 0x00000000ed100000| Untracked 
| 210|0x00000000ed200000, 0x00000000ed200000, 0x00000000ed300000|  0%| F|  |TAMS 0x00000000ed200000, 0x00000000ed200000| Untracked 
| 211|0x00000000ed300000, 0x00000000ed300000, 0x00000000ed400000|  0%| F|  |TAMS 0x00000000ed300000, 0x00000000ed300000| Untracked 
| 212|0x00000000ed400000, 0x00000000ed400000, 0x00000000ed500000|  0%| F|  |TAMS 0x00000000ed400000, 0x00000000ed400000| Untracked 
| 213|0x00000000ed500000, 0x00000000ed500000, 0x00000000ed600000|  0%| F|  |TAMS 0x00000000ed500000, 0x00000000ed500000| Untracked 
| 214|0x00000000ed600000, 0x00000000ed600000, 0x00000000ed700000|  0%| F|  |TAMS 0x00000000ed600000, 0x00000000ed600000| Untracked 
| 215|0x00000000ed700000, 0x00000000ed700000, 0x00000000ed800000|  0%| F|  |TAMS 0x00000000ed700000, 0x00000000ed700000| Untracked 
| 216|0x00000000ed800000, 0x00000000ed800800, 0x00000000ed900000|  0%| E|  |TAMS 0x00000000ed800000, 0x00000000ed800000| Complete 
| 217|0x00000000ed900000, 0x00000000eda00000, 0x00000000eda00000|100%| E|CS|TAMS 0x00000000ed900000, 0x00000000ed900000| Complete 
| 218|0x00000000eda00000, 0x00000000edb00000, 0x00000000edb00000|100%| E|CS|TAMS 0x00000000eda00000, 0x00000000eda00000| Complete 
| 219|0x00000000edb00000, 0x00000000edc00000, 0x00000000edc00000|100%| E|CS|TAMS 0x00000000edb00000, 0x00000000edb00000| Complete 
| 220|0x00000000edc00000, 0x00000000edd00000, 0x00000000edd00000|100%| E|CS|TAMS 0x00000000edc00000, 0x00000000edc00000| Complete 
| 221|0x00000000edd00000, 0x00000000ede00000, 0x00000000ede00000|100%| E|CS|TAMS 0x00000000edd00000, 0x00000000edd00000| Complete 
| 222|0x00000000ede00000, 0x00000000edf00000, 0x00000000edf00000|100%| E|CS|TAMS 0x00000000ede00000, 0x00000000ede00000| Complete 
| 223|0x00000000edf00000, 0x00000000ee000000, 0x00000000ee000000|100%| E|CS|TAMS 0x00000000edf00000, 0x00000000edf00000| Complete 
| 224|0x00000000ee000000, 0x00000000ee100000, 0x00000000ee100000|100%| E|CS|TAMS 0x00000000ee000000, 0x00000000ee000000| Complete 
| 225|0x00000000ee100000, 0x00000000ee200000, 0x00000000ee200000|100%| E|CS|TAMS 0x00000000ee100000, 0x00000000ee100000| Complete 
| 226|0x00000000ee200000, 0x00000000ee300000, 0x00000000ee300000|100%| E|CS|TAMS 0x00000000ee200000, 0x00000000ee200000| Complete 
| 227|0x00000000ee300000, 0x00000000ee400000, 0x00000000ee400000|100%| E|CS|TAMS 0x00000000ee300000, 0x00000000ee300000| Complete 
| 228|0x00000000ee400000, 0x00000000ee500000, 0x00000000ee500000|100%| E|CS|TAMS 0x00000000ee400000, 0x00000000ee400000| Complete 
| 229|0x00000000ee500000, 0x00000000ee600000, 0x00000000ee600000|100%| E|CS|TAMS 0x00000000ee500000, 0x00000000ee500000| Complete 
| 230|0x00000000ee600000, 0x00000000ee700000, 0x00000000ee700000|100%| E|CS|TAMS 0x00000000ee600000, 0x00000000ee600000| Complete 
| 231|0x00000000ee700000, 0x00000000ee800000, 0x00000000ee800000|100%| E|CS|TAMS 0x00000000ee700000, 0x00000000ee700000| Complete 
| 232|0x00000000ee800000, 0x00000000ee900000, 0x00000000ee900000|100%| E|CS|TAMS 0x00000000ee800000, 0x00000000ee800000| Complete 
| 233|0x00000000ee900000, 0x00000000eea00000, 0x00000000eea00000|100%| E|CS|TAMS 0x00000000ee900000, 0x00000000ee900000| Complete 
| 234|0x00000000eea00000, 0x00000000eeb00000, 0x00000000eeb00000|100%| E|CS|TAMS 0x00000000eea00000, 0x00000000eea00000| Complete 
| 235|0x00000000eeb00000, 0x00000000eec00000, 0x00000000eec00000|100%| E|CS|TAMS 0x00000000eeb00000, 0x00000000eeb00000| Complete 
| 236|0x00000000eec00000, 0x00000000eed00000, 0x00000000eed00000|100%| E|CS|TAMS 0x00000000eec00000, 0x00000000eec00000| Complete 
| 237|0x00000000eed00000, 0x00000000eee00000, 0x00000000eee00000|100%| E|CS|TAMS 0x00000000eed00000, 0x00000000eed00000| Complete 
| 238|0x00000000eee00000, 0x00000000eef00000, 0x00000000eef00000|100%| E|CS|TAMS 0x00000000eee00000, 0x00000000eee00000| Complete 
| 239|0x00000000eef00000, 0x00000000ef000000, 0x00000000ef000000|100%| E|CS|TAMS 0x00000000eef00000, 0x00000000eef00000| Complete 
| 240|0x00000000ef000000, 0x00000000ef100000, 0x00000000ef100000|100%| E|CS|TAMS 0x00000000ef000000, 0x00000000ef000000| Complete 
| 241|0x00000000ef100000, 0x00000000ef200000, 0x00000000ef200000|100%| E|CS|TAMS 0x00000000ef100000, 0x00000000ef100000| Complete 
| 242|0x00000000ef200000, 0x00000000ef300000, 0x00000000ef300000|100%| E|CS|TAMS 0x00000000ef200000, 0x00000000ef200000| Complete 
| 243|0x00000000ef300000, 0x00000000ef3ff9c0, 0x00000000ef400000| 99%| S|CS|TAMS 0x00000000ef300000, 0x00000000ef300000| Complete 
| 244|0x00000000ef400000, 0x00000000ef500000, 0x00000000ef500000|100%| E|CS|TAMS 0x00000000ef400000, 0x00000000ef400000| Complete 
| 245|0x00000000ef500000, 0x00000000ef600000, 0x00000000ef600000|100%| E|CS|TAMS 0x00000000ef500000, 0x00000000ef500000| Complete 
| 246|0x00000000ef600000, 0x00000000ef700000, 0x00000000ef700000|100%| E|CS|TAMS 0x00000000ef600000, 0x00000000ef600000| Complete 
| 247|0x00000000ef700000, 0x00000000ef800000, 0x00000000ef800000|100%| E|CS|TAMS 0x00000000ef700000, 0x00000000ef700000| Complete 
| 248|0x00000000ef800000, 0x00000000ef900000, 0x00000000ef900000|100%| E|CS|TAMS 0x00000000ef800000, 0x00000000ef800000| Complete 
| 249|0x00000000ef900000, 0x00000000efa00000, 0x00000000efa00000|100%| E|CS|TAMS 0x00000000ef900000, 0x00000000ef900000| Complete 
| 250|0x00000000efa00000, 0x00000000efb00000, 0x00000000efb00000|100%| E|CS|TAMS 0x00000000efa00000, 0x00000000efa00000| Complete 
| 251|0x00000000efb00000, 0x00000000efc00000, 0x00000000efc00000|100%| E|CS|TAMS 0x00000000efb00000, 0x00000000efb00000| Complete 
| 252|0x00000000efc00000, 0x00000000efd00000, 0x00000000efd00000|100%| E|CS|TAMS 0x00000000efc00000, 0x00000000efc00000| Complete 
| 253|0x00000000efd00000, 0x00000000efe00000, 0x00000000efe00000|100%| E|CS|TAMS 0x00000000efd00000, 0x00000000efd00000| Complete 
| 254|0x00000000efe00000, 0x00000000eff00000, 0x00000000eff00000|100%| E|CS|TAMS 0x00000000efe00000, 0x00000000efe00000| Complete 
| 255|0x00000000eff00000, 0x00000000f0000000, 0x00000000f0000000|100%| E|CS|TAMS 0x00000000eff00000, 0x00000000eff00000| Complete 

Card table byte_map: [0x000001d8bf830000,0x000001d8bf930000] _byte_map_base: 0x000001d8bf130000

Marking Bits (Prev, Next): (CMBitMap*) 0x000001d8a58114a0, (CMBitMap*) 0x000001d8a5811468
 Prev Bits: [0x000001d8c0230000, 0x000001d8c0a30000)
 Next Bits: [0x000001d8bfa30000, 0x000001d8c0230000)

Polling page: 0x000001d8a54e0000

Metaspace:

Usage:
  Non-class:     24.95 MB capacity,    24.36 MB ( 98%) used,   504.08 KB (  2%) free+waste,    97.19 KB ( <1%) overhead. 
      Class:      3.51 MB capacity,     3.17 MB ( 90%) used,   305.33 KB (  8%) free+waste,    48.69 KB (  1%) overhead. 
       Both:     28.46 MB capacity,    27.53 MB ( 97%) used,   809.41 KB (  3%) free+waste,   145.88 KB ( <1%) overhead. 

Virtual space:
  Non-class space:       26.00 MB reserved,      25.00 MB ( 96%) committed 
      Class space:        1.00 GB reserved,       3.63 MB ( <1%) committed 
             Both:        1.03 GB reserved,      28.63 MB (  3%) committed 

Chunk freelists:
   Non-Class:  0 bytes
       Class:  0 bytes
        Both:  0 bytes

MaxMetaspaceSize: 17179869184.00 GB
CompressedClassSpaceSize: 1.00 GB
Initial GC threshold: 20.80 MB
Current GC threshold: 35.00 MB
CDS: off

CodeHeap 'non-profiled nmethods': size=119168Kb used=1099Kb max_used=1099Kb free=118068Kb
 bounds [0x000001d8b7320000, 0x000001d8b7590000, 0x000001d8be780000]
CodeHeap 'profiled nmethods': size=119168Kb used=5466Kb max_used=5466Kb free=113701Kb
 bounds [0x000001d8afec0000, 0x000001d8b0420000, 0x000001d8b7320000]
CodeHeap 'non-nmethods': size=7424Kb used=2918Kb max_used=2943Kb free=4505Kb
 bounds [0x000001d8af780000, 0x000001d8afa70000, 0x000001d8afec0000]
 total_blobs=2958 nmethods=2456 adapters=411
 compilation: enabled
              stopped_count=0, restarted_count=0
 full_count=0

Compilation events (20 events):
Event: 2.054 Thread 0x000001d8c42ae000 nmethod 2405 0x000001d8b03fae90 code [0x000001d8b03fb260, 0x000001d8b03fcb08]
Event: 2.054 Thread 0x000001d8c4420000 2410       1       java.util.stream.FindOps$FindSink::cancellationRequested (5 bytes)
Event: 2.054 Thread 0x000001d8c4420000 nmethod 2410 0x000001d8b7429e90 code [0x000001d8b742a040, 0x000001d8b742a0f8]
Event: 2.055 Thread 0x000001d8c42a1800 2411       4       jdk.internal.loader.URLClassPath::getResource (74 bytes)
Event: 2.064 Thread 0x000001d8c4c20800 2413       3       java.util.stream.Sink$ChainedReference::cancellationRequested (10 bytes)
Event: 2.065 Thread 0x000001d8c4c20800 nmethod 2413 0x000001d8b03fd590 code [0x000001d8b03fd740, 0x000001d8b03fd908]
Event: 2.067 Thread 0x000001d8c4b7b800 2414       3       java.util.ArrayList$ArrayListSpliterator::getFence (35 bytes)
Event: 2.067 Thread 0x000001d8c4b7b800 nmethod 2414 0x000001d8b03fda10 code [0x000001d8b03fdbc0, 0x000001d8b03fdd18]
Event: 2.087 Thread 0x000001d8c42ae000 2415   !   3       org.openqa.selenium.json.Input::fill (125 bytes)
Event: 2.087 Thread 0x000001d8c42ae000 nmethod 2415 0x000001d8b03fde10 code [0x000001d8b03fe000, 0x000001d8b03fe4e8]
Event: 2.088 Thread 0x000001d8c4420000 2416       3       org.openqa.selenium.json.Input::peek (24 bytes)
Event: 2.088 Thread 0x000001d8c4c20800 2417       3       java.util.ArrayDeque::elementAt (4 bytes)
Event: 2.088 Thread 0x000001d8c4b7b800 2418       3       java.lang.CharacterDataLatin1::isWhitespace (23 bytes)
Event: 2.088 Thread 0x000001d8c4c20800 nmethod 2417 0x000001d8b03fe710 code [0x000001d8b03fe8c0, 0x000001d8b03fe9d8]
Event: 2.088 Thread 0x000001d8c42ae000 2419       3       org.openqa.selenium.json.Input::read (29 bytes)
Event: 2.088 Thread 0x000001d8c4b7b800 nmethod 2418 0x000001d8b03fea90 code [0x000001d8b03fec40, 0x000001d8b03fee38]
Event: 2.088 Thread 0x000001d8c4420000 nmethod 2416 0x000001d8b03fef90 code [0x000001d8b03ff160, 0x000001d8b03ff328]
Event: 2.088 Thread 0x000001d8c42ae000 nmethod 2419 0x000001d8b03ff410 code [0x000001d8b03ff5e0, 0x000001d8b03ff7a8]
Event: 2.089 Thread 0x000001d8c4c20800 2421       3       org.openqa.selenium.json.JsonInput::skipWhitespace (28 bytes)
Event: 2.089 Thread 0x000001d8c4c20800 nmethod 2421 0x000001d8b03ff890 code [0x000001d8b03ffae0, 0x000001d8b04001e8]

GC Heap History (6 events):
Event: 0.763 GC heap before
{Heap before GC invocations=0 (full 0):
 garbage-first heap   total 262144K, used 23552K [0x00000000e0000000, 0x0000000100000000)
  region size 1024K, 24 young (24576K), 0 survivors (0K)
 Metaspace       used 13248K, capacity 13585K, committed 13824K, reserved 1060864K
  class space    used 1373K, capacity 1474K, committed 1536K, reserved 1048576K
}
Event: 0.768 GC heap after
{Heap after GC invocations=1 (full 0):
 garbage-first heap   total 262144K, used 6705K [0x00000000e0000000, 0x0000000100000000)
  region size 1024K, 3 young (3072K), 3 survivors (3072K)
 Metaspace       used 13248K, capacity 13585K, committed 13824K, reserved 1060864K
  class space    used 1373K, capacity 1474K, committed 1536K, reserved 1048576K
}
Event: 1.461 GC heap before
{Heap before GC invocations=1 (full 0):
 garbage-first heap   total 262144K, used 48689K [0x00000000e0000000, 0x0000000100000000)
  region size 1024K, 45 young (46080K), 3 survivors (3072K)
 Metaspace       used 20527K, capacity 21127K, committed 21248K, reserved 1069056K
  class space    used 2228K, capacity 2467K, committed 2560K, reserved 1048576K
}
Event: 1.472 GC heap after
{Heap after GC invocations=2 (full 0):
 garbage-first heap   total 262144K, used 11591K [0x00000000e0000000, 0x0000000100000000)
  region size 1024K, 8 young (8192K), 8 survivors (8192K)
 Metaspace       used 20527K, capacity 21127K, committed 21248K, reserved 1069056K
  class space    used 2228K, capacity 2467K, committed 2560K, reserved 1048576K
}
Event: 1.616 GC heap before
{Heap before GC invocations=3 (full 0):
 garbage-first heap   total 262144K, used 23879K [0x00000000e0000000, 0x0000000100000000)
  region size 1024K, 20 young (20480K), 8 survivors (8192K)
 Metaspace       used 21769K, capacity 22427K, committed 22784K, reserved 1069056K
  class space    used 2428K, capacity 2712K, committed 2816K, reserved 1048576K
}
Event: 1.622 GC heap after
{Heap after GC invocations=4 (full 0):
 garbage-first heap   total 262144K, used 12428K [0x00000000e0000000, 0x0000000100000000)
  region size 1024K, 1 young (1024K), 1 survivors (1024K)
 Metaspace       used 21769K, capacity 22427K, committed 22784K, reserved 1069056K
  class space    used 2428K, capacity 2712K, committed 2816K, reserved 1048576K
}

Deoptimization events (20 events):
Event: 1.646 Thread 0x000001d8a57e4800 Uncommon trap: trap_request=0xffffff4d fr.pc=0x000001d8b73ab0d4 relative=0x0000000000000374
Event: 1.646 Thread 0x000001d8a57e4800 Uncommon trap: reason=unstable_if action=reinterpret pc=0x000001d8b73ab0d4 method=java.lang.Integer.parseInt(Ljava/lang/String;I)I @ 119 c2
Event: 1.646 Thread 0x000001d8a57e4800 DEOPT PACKING pc=0x000001d8b73ab0d4 sp=0x000000ab554fa3a0
Event: 1.646 Thread 0x000001d8a57e4800 DEOPT UNPACKING pc=0x000001d8af7ca1af sp=0x000000ab554fa308 mode 2
Event: 1.851 Thread 0x000001d8a57e4800 DEOPT PACKING pc=0x000001d8b00adafa sp=0x000000ab554f7b30
Event: 1.851 Thread 0x000001d8a57e4800 DEOPT UNPACKING pc=0x000001d8af7ca95e sp=0x000000ab554f6f88 mode 0
Event: 1.904 Thread 0x000001d8a57e4800 DEOPT PACKING pc=0x000001d8b0308855 sp=0x000000ab554f7d10
Event: 1.904 Thread 0x000001d8a57e4800 DEOPT UNPACKING pc=0x000001d8af7ca95e sp=0x000000ab554f7230 mode 0
Event: 1.941 Thread 0x000001d8a57e4800 Uncommon trap: trap_request=0xffffff4d fr.pc=0x000001d8b739d6bc relative=0x00000000000005fc
Event: 1.941 Thread 0x000001d8a57e4800 Uncommon trap: reason=unstable_if action=reinterpret pc=0x000001d8b739d6bc method=java.lang.String.replace(CC)Ljava/lang/String; @ 2 c2
Event: 1.941 Thread 0x000001d8a57e4800 DEOPT PACKING pc=0x000001d8b739d6bc sp=0x000000ab554fa990
Event: 1.941 Thread 0x000001d8a57e4800 DEOPT UNPACKING pc=0x000001d8af7ca1af sp=0x000000ab554fa950 mode 2
Event: 2.033 Thread 0x000001d8a57e4800 Uncommon trap: trap_request=0xffffff4d fr.pc=0x000001d8b7427eec relative=0x000000000000044c
Event: 2.033 Thread 0x000001d8a57e4800 Uncommon trap: reason=unstable_if action=reinterpret pc=0x000001d8b7427eec method=jdk.internal.org.objectweb.asm.Type.getArgumentsAndReturnSizes(Ljava/lang/String;)I @ 41 c2
Event: 2.033 Thread 0x000001d8a57e4800 DEOPT PACKING pc=0x000001d8b7427eec sp=0x000000ab554f92e0
Event: 2.033 Thread 0x000001d8a57e4800 DEOPT UNPACKING pc=0x000001d8af7ca1af sp=0x000000ab554f9270 mode 2
Event: 2.080 Thread 0x000001d8a57e4800 Uncommon trap: trap_request=0xffffff4d fr.pc=0x000001d8b739e820 relative=0x0000000000000080
Event: 2.080 Thread 0x000001d8a57e4800 Uncommon trap: reason=unstable_if action=reinterpret pc=0x000001d8b739e820 method=java.lang.CharacterDataLatin1.isWhitespace(I)Z @ 14 c2
Event: 2.080 Thread 0x000001d8a57e4800 DEOPT PACKING pc=0x000001d8b739e820 sp=0x000000ab554fa820
Event: 2.080 Thread 0x000001d8a57e4800 DEOPT UNPACKING pc=0x000001d8af7ca1af sp=0x000000ab554fa790 mode 2

Classes redefined (0 events):
No events

Internal exceptions (20 events):
Event: 1.485 Thread 0x000001d8a57e4800 Exception <a 'java/lang/NoSuchMethodError'{0x00000000eff3fbb0}: 'java.lang.Object java.lang.invoke.DirectMethodHandle$Holder.invokeStatic(java.lang.Object, java.lang.Object, java.lang.Object, java.lang.Object, java.lang.Object, java.lang.Object, java.lang.Object, java.lang.Object, java.lang.Object, java.lang.Object, java.lang.Object, int, int, java.lang.Object)'> (0x00000000eff3fbb0) thrown at [s\src\hotspot\share\interpreter\linkResolver.cpp, line 773]
Event: 1.487 Thread 0x000001d8a57e4800 Exception <a 'java/lang/NoSuchMethodError'{0x00000000eff608f0}: 'java.lang.Object java.lang.invoke.DirectMethodHandle$Holder.invokeStatic(java.lang.Object, java.lang.Object, java.lang.Object, java.lang.Object, java.lang.Object, java.lang.Object, java.lang.Object, java.lang.Object, java.lang.Object, java.lang.Object, java.lang.Object, int, int, java.lang.Object, java.lang.Object)'> (0x00000000eff608f0) thrown at [s\src\hotspot\share\interpreter\linkResolver.cpp, line 773]
Event: 1.515 Thread 0x000001d8a57e4800 Exception <a 'java/lang/NoSuchMethodError'{0x00000000efdaf8d8}: 'java.lang.Object java.lang.invoke.DirectMethodHandle$Holder.invokeInterface(java.lang.Object, java.lang.Object, java.lang.Object, java.lang.Object, java.lang.Object)'> (0x00000000efdaf8d8) thrown at [s\src\hotspot\share\interpreter\linkResolver.cpp, line 773]
Event: 1.516 Thread 0x000001d8a57e4800 Exception <a 'java/lang/IncompatibleClassChangeError'{0x00000000efdb3030}: Found class java.lang.Object, but interface was expected> (0x00000000efdb3030) thrown at [s\src\hotspot\share\interpreter\linkResolver.cpp, line 839]
Event: 1.522 Thread 0x000001d8a57e4800 Exception <a 'java/lang/IncompatibleClassChangeError'{0x00000000efde9620}: Found class java.lang.Object, but interface was expected> (0x00000000efde9620) thrown at [s\src\hotspot\share\interpreter\linkResolver.cpp, line 839]
Event: 1.669 Thread 0x000001d8a57e4800 Exception <a 'java/lang/NoClassDefFoundError'{0x00000000efcdb458}> (0x00000000efcdb458) thrown at [s\src\hotspot\share\oops\instanceKlass.cpp, line 1029]
Event: 1.670 Thread 0x000001d8a57e4800 Exception <a 'java/lang/NoClassDefFoundError'{0x00000000efb08e78}: org/apache/logging/log4j/spi/ExtendedLoggerWrapper> (0x00000000efb08e78) thrown at [s\src\hotspot\share\classfile\systemDictionary.cpp, line 219]
Event: 1.672 Thread 0x000001d8a57e4800 Exception <a 'java/lang/NoClassDefFoundError'{0x00000000efb339a0}: org/apache/log4j/Priority> (0x00000000efb339a0) thrown at [s\src\hotspot\share\classfile\systemDictionary.cpp, line 219]
Event: 1.724 Thread 0x000001d8a57e4800 Exception <a 'java/lang/NoSuchMethodError'{0x00000000ef7d5d60}: 'void java.lang.invoke.DirectMethodHandle$Holder.invokeStatic(java.lang.Object, java.lang.Object, java.lang.Object, java.lang.Object, java.lang.Object, java.lang.Object)'> (0x00000000ef7d5d60) thrown at [s\src\hotspot\share\interpreter\linkResolver.cpp, line 773]
Event: 1.924 Thread 0x000001d8a57e4800 Exception <a 'java/lang/NoSuchMethodError'{0x00000000ee3e2ae0}: 'java.lang.Object java.lang.invoke.DirectMethodHandle$Holder.invokeInterface(java.lang.Object, java.lang.Object, java.lang.Object, java.lang.Object)'> (0x00000000ee3e2ae0) thrown at [s\src\hotspot\share\interpreter\linkResolver.cpp, line 773]
Event: 1.926 Thread 0x000001d8a57e4800 Exception <a 'java/lang/IncompatibleClassChangeError'{0x00000000ee3fd6a0}: Found class java.lang.Object, but interface was expected> (0x00000000ee3fd6a0) thrown at [s\src\hotspot\share\interpreter\linkResolver.cpp, line 839]
Event: 1.957 Thread 0x000001d8c554e800 Exception <a 'java/lang/NoSuchMethodError'{0x00000000ee1a1428}: 'void java.lang.invoke.DirectMethodHandle$Holder.invokeStatic(java.lang.Object, long)'> (0x00000000ee1a1428) thrown at [s\src\hotspot\share\interpreter\linkResolver.cpp, line 773]
Event: 1.957 Thread 0x000001d8c554e800 Exception <a 'java/lang/NoSuchMethodError'{0x00000000ee1a6398}: 'java.lang.Object java.lang.invoke.DirectMethodHandle$Holder.invokeStatic(java.lang.Object, long)'> (0x00000000ee1a6398) thrown at [s\src\hotspot\share\interpreter\linkResolver.cpp, line 773]
Event: 1.960 Thread 0x000001d8c554e800 Exception <a 'java/lang/NoSuchMethodError'{0x00000000ee1b4090}: 'java.lang.Object java.lang.invoke.DirectMethodHandle$Holder.invokeStaticInit(java.lang.Object, java.lang.Object, long, java.lang.Object)'> (0x00000000ee1b4090) thrown at [s\src\hotspot\share\interpreter\linkResolver.cpp, line 773]
Event: 1.960 Thread 0x000001d8c554e800 Exception <a 'java/lang/NoSuchMethodError'{0x00000000ee1b9af8}: 'java.lang.Object java.lang.invoke.DirectMethodHandle$Holder.invokeStatic(java.lang.Object, java.lang.Object, long)'> (0x00000000ee1b9af8) thrown at [s\src\hotspot\share\interpreter\linkResolver.cpp, line 773]
Event: 1.961 Thread 0x000001d8c554e800 Exception <a 'java/lang/NoSuchMethodError'{0x00000000ee1c0018}: 'java.lang.Object java.lang.invoke.Invokers$Holder.linkToTargetMethod(java.lang.Object, long, java.lang.Object)'> (0x00000000ee1c0018) thrown at [s\src\hotspot\share\interpreter\linkResolver.cpp, line 773]
Event: 2.033 Thread 0x000001d8a57e4800 Exception <a 'java/lang/NoSuchMethodError'{0x00000000edfead80}: 'double java.lang.invoke.DirectMethodHandle$Holder.invokeVirtual(java.lang.Object, java.lang.Object)'> (0x00000000edfead80) thrown at [s\src\hotspot\share\interpreter\linkResolver.cpp, line 773]
Event: 2.033 Thread 0x000001d8a57e4800 Exception <a 'java/lang/NoSuchMethodError'{0x00000000edff1090}: 'float java.lang.invoke.DirectMethodHandle$Holder.invokeVirtual(java.lang.Object, java.lang.Object)'> (0x00000000edff1090) thrown at [s\src\hotspot\share\interpreter\linkResolver.cpp, line 773]
Event: 2.034 Thread 0x000001d8a57e4800 Exception <a 'java/lang/NoSuchMethodError'{0x00000000edff9ad8}: 'long java.lang.invoke.DirectMethodHandle$Holder.invokeVirtual(java.lang.Object, java.lang.Object)'> (0x00000000edff9ad8) thrown at [s\src\hotspot\share\interpreter\linkResolver.cpp, line 773]
Event: 2.064 Thread 0x000001d8a57e4800 Exception <a 'java/lang/NoSuchMethodError'{0x00000000eddbf598}: 'void java.lang.invoke.DirectMethodHandle$Holder.invokeStatic(java.lang.Object, java.lang.Object, int)'> (0x00000000eddbf598) thrown at [s\src\hotspot\share\interpreter\linkResolver.cpp, line 773]

Events (20 events):
Event: 2.088 loading class org/openqa/selenium/json/JsonInput$1
Event: 2.088 loading class org/openqa/selenium/json/JsonInput$1 done
Event: 2.089 loading class java/util/stream/ReferencePipeline$11
Event: 2.089 loading class java/util/stream/ReferencePipeline$11 done
Event: 2.090 loading class java/util/stream/ReferencePipeline$11$1
Event: 2.090 loading class java/util/stream/ReferencePipeline$11$1 done
Event: 2.090 loading class com/google/common/collect/IndexedImmutableSet$1
Event: 2.090 loading class com/google/common/collect/IndexedImmutableSet$1 done
Event: 2.091 loading class com/google/common/collect/Sets
Event: 2.091 loading class com/google/common/collect/Sets done
Event: 2.092 loading class com/google/common/collect/Sets$SetView
Event: 2.092 loading class com/google/common/collect/Sets$SetView done
Event: 2.093 loading class com/google/common/collect/Sets$1
Event: 2.093 loading class com/google/common/collect/Sets$1 done
Event: 2.093 loading class com/google/common/collect/Sets$3
Event: 2.093 loading class com/google/common/collect/Sets$3 done
Event: 2.094 loading class com/google/common/collect/Sets$2
Event: 2.094 loading class com/google/common/collect/Sets$2 done
Event: 2.094 loading class com/google/common/collect/Sets$4
Event: 2.094 loading class com/google/common/collect/Sets$4 done


Dynamic libraries:
0x00007ff686870000 - 0x00007ff68687d000 	C:\Users\F\.jdks\corretto-11.0.19\bin\java.exe
0x00007ffadc930000 - 0x00007ffadcb28000 	C:\Windows\SYSTEM32\ntdll.dll
0x00007ffadc080000 - 0x00007ffadc13f000 	C:\Windows\System32\KERNEL32.DLL
0x00007ffada010000 - 0x00007ffada306000 	C:\Windows\System32\KERNELBASE.dll
0x00007ffada860000 - 0x00007ffada960000 	C:\Windows\System32\ucrtbase.dll
0x00007ffac7b30000 - 0x00007ffac7b49000 	C:\Users\F\.jdks\corretto-11.0.19\bin\VCRUNTIME140.dll
0x00007ffac20e0000 - 0x00007ffac20f7000 	C:\Users\F\.jdks\corretto-11.0.19\bin\jli.dll
0x00007ffadb900000 - 0x00007ffadba9d000 	C:\Windows\System32\USER32.dll
0x00007ffacc3e0000 - 0x00007ffacc67a000 	C:\Windows\WinSxS\amd64_microsoft.windows.common-controls_6595b64144ccf1df_6.0.19041.1110_none_60b5254171f9507e\COMCTL32.dll
0x00007ffada960000 - 0x00007ffada982000 	C:\Windows\System32\win32u.dll
0x00007ffadabc0000 - 0x00007ffadac5e000 	C:\Windows\System32\msvcrt.dll
0x00007ffadbc60000 - 0x00007ffadbc8c000 	C:\Windows\System32\GDI32.dll
0x00007ffada6a0000 - 0x00007ffada7b5000 	C:\Windows\System32\gdi32full.dll
0x00007ffada7c0000 - 0x00007ffada85d000 	C:\Windows\System32\msvcp_win.dll
0x00007ffadb710000 - 0x00007ffadb740000 	C:\Windows\System32\IMM32.DLL
0x00007ffaa91e0000 - 0x00007ffaa927b000 	C:\Users\F\.jdks\corretto-11.0.19\bin\msvcp140.dll
0x00007ffa92bf0000 - 0x00007ffa9377a000 	C:\Users\F\.jdks\corretto-11.0.19\bin\server\jvm.dll
0x00007ffadb740000 - 0x00007ffadb7ef000 	C:\Windows\System32\ADVAPI32.dll
0x00007ffadbd10000 - 0x00007ffadbdac000 	C:\Windows\System32\sechost.dll
0x00007ffadc350000 - 0x00007ffadc476000 	C:\Windows\System32\RPCRT4.dll
0x00007ffadc140000 - 0x00007ffadc148000 	C:\Windows\System32\PSAPI.DLL
0x00007ffad7710000 - 0x00007ffad7719000 	C:\Windows\SYSTEM32\WSOCK32.dll
0x00007ffad1eb0000 - 0x00007ffad1ed7000 	C:\Windows\SYSTEM32\WINMM.dll
0x00007ffad31d0000 - 0x00007ffad31da000 	C:\Windows\SYSTEM32\VERSION.dll
0x00007ffadbca0000 - 0x00007ffadbd0b000 	C:\Windows\System32\WS2_32.dll
0x00007ffad7ed0000 - 0x00007ffad7ee2000 	C:\Windows\SYSTEM32\kernel.appcore.dll
0x00007ffac8c00000 - 0x00007ffac8c10000 	C:\Users\F\.jdks\corretto-11.0.19\bin\verify.dll
0x00007ffad3680000 - 0x00007ffad3864000 	C:\Windows\SYSTEM32\DBGHELP.DLL
0x00007ffac9d70000 - 0x00007ffac9da4000 	C:\Windows\SYSTEM32\dbgcore.DLL
0x00007ffada610000 - 0x00007ffada692000 	C:\Windows\System32\bcryptPrimitives.dll
0x00007ffab5e50000 - 0x00007ffab5e78000 	C:\Users\F\.jdks\corretto-11.0.19\bin\java.dll
0x00007ffac85a0000 - 0x00007ffac85aa000 	C:\Users\F\.jdks\corretto-11.0.19\bin\jimage.dll
0x00007ffabd230000 - 0x00007ffabd248000 	C:\Users\F\.jdks\corretto-11.0.19\bin\zip.dll
0x00007ffadac60000 - 0x00007ffadb3a4000 	C:\Windows\System32\SHELL32.dll
0x00007ffad80d0000 - 0x00007ffad8863000 	C:\Windows\SYSTEM32\windows.storage.dll
0x00007ffadb3b0000 - 0x00007ffadb704000 	C:\Windows\System32\combase.dll
0x00007ffad9a50000 - 0x00007ffad9a7e000 	C:\Windows\SYSTEM32\Wldp.dll
0x00007ffadaa10000 - 0x00007ffadaabd000 	C:\Windows\System32\SHCORE.dll
0x00007ffadb8a0000 - 0x00007ffadb8f5000 	C:\Windows\System32\shlwapi.dll
0x00007ffad9f40000 - 0x00007ffad9f65000 	C:\Windows\SYSTEM32\profapi.dll
0x00007ffaad3e0000 - 0x00007ffaad3f9000 	C:\Users\F\.jdks\corretto-11.0.19\bin\net.dll
0x00007ffad4820000 - 0x00007ffad492a000 	C:\Windows\SYSTEM32\WINHTTP.dll
0x00007ffad97b0000 - 0x00007ffad981a000 	C:\Windows\system32\mswsock.dll
0x00007ffaad3c0000 - 0x00007ffaad3d3000 	C:\Users\F\.jdks\corretto-11.0.19\bin\nio.dll
0x00007ffad99b0000 - 0x00007ffad99c8000 	C:\Windows\SYSTEM32\CRYPTSP.dll
0x00007ffad8ff0000 - 0x00007ffad9024000 	C:\Windows\system32\rsaenh.dll
0x00007ffada310000 - 0x00007ffada337000 	C:\Windows\System32\bcrypt.dll
0x00007ffad9f00000 - 0x00007ffad9f2e000 	C:\Windows\SYSTEM32\USERENV.dll
0x00007ffad99a0000 - 0x00007ffad99ac000 	C:\Windows\SYSTEM32\CRYPTBASE.dll
0x00007ffad9430000 - 0x00007ffad946b000 	C:\Windows\SYSTEM32\IPHLPAPI.DLL
0x00007ffadabb0000 - 0x00007ffadabb8000 	C:\Windows\System32\NSI.dll
0x00007ffad39e0000 - 0x00007ffad39f7000 	C:\Windows\SYSTEM32\dhcpcsvc6.DLL
0x00007ffad39c0000 - 0x00007ffad39dd000 	C:\Windows\SYSTEM32\dhcpcsvc.DLL
0x00007ffad9470000 - 0x00007ffad953a000 	C:\Windows\SYSTEM32\DNSAPI.dll
0x00007ffabc660000 - 0x00007ffabc66e000 	C:\Users\F\.jdks\corretto-11.0.19\bin\sunmscapi.dll
0x00007ffada4b0000 - 0x00007ffada60e000 	C:\Windows\System32\CRYPT32.dll
0x00007ffad9ac0000 - 0x00007ffad9ae8000 	C:\Windows\SYSTEM32\ncrypt.dll
0x00007ffad9a80000 - 0x00007ffad9abb000 	C:\Windows\SYSTEM32\NTASN1.dll
0x00007ffa9e730000 - 0x00007ffa9e755000 	C:\Users\F\.jdks\corretto-11.0.19\bin\sunec.dll
0x00007ffad32e0000 - 0x00007ffad32ea000 	C:\Windows\System32\rasadhlp.dll
0x00007ffad31f0000 - 0x00007ffad3272000 	C:\Windows\System32\fwpuclnt.dll
0x00007ffabed70000 - 0x00007ffabed79000 	C:\Users\F\.jdks\corretto-11.0.19\bin\management.dll
0x00007ffabed20000 - 0x00007ffabed2b000 	C:\Users\F\.jdks\corretto-11.0.19\bin\management_ext.dll

dbghelp: loaded successfully - version: 4.0.5 - missing functions: none
symbol engine: initialized successfully - sym options: 0x614 - pdb path: .;C:\Users\F\.jdks\corretto-11.0.19\bin;C:\Windows\SYSTEM32;C:\Windows\WinSxS\amd64_microsoft.windows.common-controls_6595b64144ccf1df_6.0.19041.1110_none_60b5254171f9507e;C:\Users\F\.jdks\corretto-11.0.19\bin\server

VM Arguments:
jvm_args: -Dorg.gradle.internal.worker.tmpdir=C:\Users\F\Desktop\Java\clone\aqa-code\api-ci\Web\build\tmp\test\work -Dorg.gradle.native=false -Xmx512m -Dfile.encoding=windows-1251 -Duser.country=RU -Duser.language=ru -Duser.variant -ea 
java_command: worker.org.gradle.process.internal.worker.GradleWorkerMain 'Gradle Test Executor 1'
java_class_path (initial): C:\\Users\\F\\.gradle\\caches\\8.0\\workerMain\\gradle-worker.jar;C:\\Users\\F\\Desktop\\Java\\clone\\aqa-code\\api-ci\\Web\\build\\classes\\java\\test;C:\\Users\\F\\.gradle\\caches\\modules-2\\files-2.1\\org.junit.jupiter\\junit-jupiter-params\\5.6.1\\3a9033e0bde8085cb357b20b220f2e1aae429f52\\junit-jupiter-params-5.6.1.jar;C:\\Users\\F\\.gradle\\caches\\modules-2\\files-2.1\\org.junit.jupiter\\junit-jupiter-engine\\5.6.1\\f9686cdeb1b70e7928656379b1a116450a391ea2\\junit-jupiter-engine-5.6.1.jar;C:\\Users\\F\\.gradle\\caches\\modules-2\\files-2.1\\org.junit.jupiter\\junit-jupiter-api\\5.6.1\\552e8b1410c1e210841a9b7e0dab65b5dcb8208b\\junit-jupiter-api-5.6.1.jar;C:\\Users\\F\\.gradle\\caches\\modules-2\\files-2.1\\org.junit.platform\\junit-platform-engine\\1.6.1\\e93ddd6d2e6e7d1ff6439fe61ab6a862edb066f7\\junit-platform-engine-1.6.1.jar;C:\\Users\\F\\.gradle\\caches\\modules-2\\files-2.1\\org.junit.platform\\junit-platform-commons\\1.6.1\\3211988f6980e1bd68e2b4049f32c2076a0b93ed\\junit-platform-commons-1.6.1.jar;C:\\Users\\F\\.gradle\\caches\\modules-2\\files-2.1\\org.junit.jupiter\\junit-jupiter\\5.6.1\\4ae716895f1ee8a5720c02c8f2ae749bf7f7de18\\junit-jupiter-5.6.1.jar;C:\\Users\\F\\.gradle\\caches\\modules-2\\files-2.1\\org.seleniumhq.selenium\\selenium-java\\4.8.3\\18cef0adbc08d152da07b234a04f6e8240ce215f\\selenium-java-4.8.3.jar;C:\\Users\\F\\.gradle\\caches\\modules-2\\files-2.1\\io.github.bonigarcia\\webdrivermanager\\5.4.1\\442d8a6a6e5ad6aad7e1ac281be5845ad13b6ff0\\webdrivermanager-5.4.1.jar;C:\\Users\\F\\.gradle\\caches\\modules-2\\files-2.1\\org.seleniumhq.selenium\\selenium-chrome-driver\\4.8.3\\7754d644b681293fabf8d25418000916445cc739\\selenium-chrome-driver-4.8.3.jar;C:\\Users\\F\\.gradle\\caches\\modules-2\\files-2.1\\org.seleniumhq.selenium\\selenium-devtools-v109\\4.8.3\\76fc1fa9696c9bb10351debdeaead62e6dc760a6\\selenium-devtools-v109-4.8.3.jar;C:\\Users\\F\\.gradle\\caches\\modules-2\\files-2.1\\org.seleniumhq.selenium\\seleni
Launcher Type: SUN_STANDARD

[Global flags]
     intx CICompilerCount                          = 12                                        {product} {ergonomic}
     uint ConcGCThreads                            = 3                                         {product} {ergonomic}
     uint G1ConcRefinementThreads                  = 13                                        {product} {ergonomic}
   size_t G1HeapRegionSize                         = 1048576                                   {product} {ergonomic}
    uintx GCDrainStackTargetSize                   = 64                                        {product} {ergonomic}
   size_t InitialHeapSize                          = 268435456                                 {product} {ergonomic}
   size_t MarkStackSize                            = 4194304                                   {product} {ergonomic}
   size_t MaxHeapSize                              = 536870912                                 {product} {command line}
   size_t MaxNewSize                               = 321912832                                 {product} {ergonomic}
   size_t MinHeapDeltaBytes                        = 1048576                                   {product} {ergonomic}
    uintx NonNMethodCodeHeapSize                   = 7594288                                {pd product} {ergonomic}
    uintx NonProfiledCodeHeapSize                  = 122031976                              {pd product} {ergonomic}
    uintx ProfiledCodeHeapSize                     = 122031976                              {pd product} {ergonomic}
    uintx ReservedCodeCacheSize                    = 251658240                              {pd product} {ergonomic}
     bool SegmentedCodeCache                       = true                                      {product} {ergonomic}
     bool UseCompressedClassPointers               = true                                 {lp64_product} {ergonomic}
     bool UseCompressedOops                        = true                                 {lp64_product} {ergonomic}
     bool UseG1GC                                  = true                                      {product} {ergonomic}
     bool UseLargePagesIndividualAllocation        = false                                  {pd product} {ergonomic}

Logging:
Log output configuration:
 #0: stdout all=warning uptime,level,tags
 #1: stderr all=off uptime,level,tags

Environment Variables:
PATH=C:\Program Files\Eclipse Adoptium\jdk-11.0.18.10-hotspot\bin;C:\Windows\SYSTEM32;C:\Windows;C:\Windows\SYSTEM32\WBEM;C:\Windows\SYSTEM32\WINDOWSPOWERSHELL\V1.0\;C:\Windows\SYSTEM32\OPENSSH\;C:\Program Files\Git\cmd;D:\Web driver\chrome-win64;C:\Users\F\AppData\Local\Microsoft\WindowsApps;C:\Users\F\AppData\Local\Programs\Microsoft VS Code\bin;D:\Web driver\chrome-win64;
USERNAME=F
OS=Windows_NT
PROCESSOR_IDENTIFIER=AMD64 Family 23 Model 8 Stepping 2, AuthenticAMD
TMP=C:\Users\F\AppData\Local\Temp
TEMP=C:\Users\F\AppData\Local\Temp



---------------  S Y S T E M  ---------------

OS: Windows 10 , 64 bit Build 19041 (10.0.19041.3155)
OS uptime: 1 days 23:17 hours

CPU:total 16 (initial active 16) (16 cores per cpu, 2 threads per core) family 23 model 8 stepping 2 microcode 0x0, cmov, cx8, fxsr, mmx, sse, sse2, sse3, ssse3, sse4.1, sse4.2, popcnt, avx, avx2, aes, clmul, mmxext, 3dnowpref, lzcnt, sse4a, ht, tsc, tscinvbit, tscinv, bmi1, bmi2, adx, sha, fma

Memory: 4k page, system-wide physical 16335M (4717M free)
TotalPageFile size 16335M (AvailPageFile size 6M)
current process WorkingSet (physical memory assigned to process): 180M, peak: 181M
current process commit charge ("private bytes"): 423M, peak: 425M

vm_info: OpenJDK 64-Bit Server VM (11.0.19+7-LTS) for windows-amd64 JRE (11.0.19+7-LTS), built on Apr 13 2023 22:56:25 by "Administrator" with MS VC++ 15.9 (VS2017)

END.
