#
# There is insufficient memory for the Java Runtime Environment to continue.
# Native memory allocation (mmap) failed to map 268435456 bytes for Failed to commit area from 0x0000000700c00000 to 0x0000000710c00000 of length 268435456.
# Possible reasons:
#   The system is out of physical RAM or swap space
#   The process is running with CompressedOops enabled, and the Java Heap may be blocking the growth of the native heap
# Possible solutions:
#   Reduce memory load on the system
#   Increase physical memory or swap space
#   Check if swap backing store is full
#   Decrease Java heap size (-Xmx/-Xms)
#   Decrease number of Java threads
#   Decrease Java thread stack sizes (-Xss)
#   Set larger code cache with -XX:ReservedCodeCacheSize=
# This output file may be truncated or incomplete.
#
#  Out of Memory Error (./src/hotspot/os/windows/os_windows.cpp:3386), pid=17596, tid=8208
#
# JRE version:  (11.0.18+10) (build )
# Java VM: OpenJDK 64-Bit Server VM (11.0.18+10, mixed mode, sharing, tiered, compressed oops, g1 gc, windows-amd64)
# No core dump will be written. Minidumps are not enabled by default on client versions of Windows
#

---------------  S U M M A R Y ------------

Command Line: 

Host: AMD Ryzen 7 PRO 2700 Eight-Core Processor      , 16 cores, 15G,  Windows 10 , 64 bit Build 19041 (10.0.19041.3155)
Time: Thu Aug 17 18:56:34 2023 RTZ 2 (s 10 , 64 bit Build 19041 (10.0.19041.3155) elapsed time: 0.011792 seconds (0d 0h 0m 0s)

---------------  T H R E A D  ---------------

Current thread (0x00000115b508c000):  JavaThread "Unknown thread" [_thread_in_vm, id=8208, stack(0x0000000e8ad00000,0x0000000e8ae00000)]

Stack: [0x0000000e8ad00000,0x0000000e8ae00000]
Native frames: (J=compiled Java code, j=interpreted, Vv=VM code, C=native code)
V  [jvm.dll+0x64f2aa]
V  [jvm.dll+0x7e2769]
V  [jvm.dll+0x7e3e69]
V  [jvm.dll+0x7e4553]
V  [jvm.dll+0x26af95]
V  [jvm.dll+0x64c4c9]
V  [jvm.dll+0x640a25]
V  [jvm.dll+0x326c1c]
V  [jvm.dll+0x326aa2]
V  [jvm.dll+0x32b696]
V  [jvm.dll+0x3738c2]
V  [jvm.dll+0x373310]
V  [jvm.dll+0x3023c8]
V  [jvm.dll+0x3034c5]
V  [jvm.dll+0x7bb917]
V  [jvm.dll+0x7bd0df]
V  [jvm.dll+0x380c99]
V  [jvm.dll+0x79dc7f]
V  [jvm.dll+0x3f1dc7]
V  [jvm.dll+0x3f42b1]
C  [jli.dll+0x52c7]
C  [ucrtbase.dll+0x21bb2]
C  [KERNEL32.DLL+0x17614]
C  [ntdll.dll+0x526b1]


---------------  P R O C E S S  ---------------

Threads class SMR info:
_java_thread_list=0x00000115b2dff500, length=0, elements={
}

Java Threads: ( => current thread )

Other Threads:
  0x00000115b50a5800 GCTaskThread "GC Thread#0" [stack: 0x0000000e8ae00000,0x0000000e8af00000] [id=6448]
  0x00000115b5105000 ConcurrentGCThread "G1 Main Marker" [stack: 0x0000000e8af00000,0x0000000e8b000000] [id=10720]
  0x00000115b510b800 ConcurrentGCThread "G1 Conc#0" [stack: 0x0000000e8b000000,0x0000000e8b100000] [id=8264]

[error occurred during error reporting (printing all threads), id 0xc0000005, EXCEPTION_ACCESS_VIOLATION (0xc0000005) at pc=0x00007ffa7b0c2de7]

VM state:not at safepoint (not fully initialized)

VM Mutex/Monitor currently owned by a thread:  ([mutex/lock_event])
[0x00000115b5087f20] Heap_lock - owner thread: 0x00000115b508c000

Heap address: 0x0000000700c00000, size: 4084 MB, Compressed Oops mode: Non-zero based: 0x0000000700c00000
Narrow klass base: 0x0000000000000000, Narrow klass shift: 0

GC Heap History (0 events):
No events

Deoptimization events (0 events):
No events

Classes redefined (0 events):
No events

Internal exceptions (0 events):
No events

Events (1 events):
Event: 0.008 Loaded shared library C:\Program Files\Eclipse Adoptium\jdk-11.0.18.10-hotspot\bin\zip.dll


Dynamic libraries:
0x00007ff66ab50000 - 0x00007ff66ab5d000 	C:\Program Files\Eclipse Adoptium\jdk-11.0.18.10-hotspot\bin\java.exe
0x00007ffadc930000 - 0x00007ffadcb28000 	C:\Windows\SYSTEM32\ntdll.dll
0x00007ffadc080000 - 0x00007ffadc13f000 	C:\Windows\System32\KERNEL32.DLL
0x00007ffada010000 - 0x00007ffada306000 	C:\Windows\System32\KERNELBASE.dll
0x00007ffada860000 - 0x00007ffada960000 	C:\Windows\System32\ucrtbase.dll
0x00007ffaa9c40000 - 0x00007ffaa9c57000 	C:\Program Files\Eclipse Adoptium\jdk-11.0.18.10-hotspot\bin\jli.dll
0x00007ffaa99c0000 - 0x00007ffaa99d9000 	C:\Program Files\Eclipse Adoptium\jdk-11.0.18.10-hotspot\bin\VCRUNTIME140.dll
0x00007ffadb900000 - 0x00007ffadba9d000 	C:\Windows\System32\USER32.dll
0x00007ffacc3e0000 - 0x00007ffacc67a000 	C:\Windows\WinSxS\amd64_microsoft.windows.common-controls_6595b64144ccf1df_6.0.19041.1110_none_60b5254171f9507e\COMCTL32.dll
0x00007ffada960000 - 0x00007ffada982000 	C:\Windows\System32\win32u.dll
0x00007ffadabc0000 - 0x00007ffadac5e000 	C:\Windows\System32\msvcrt.dll
0x00007ffadbc60000 - 0x00007ffadbc8c000 	C:\Windows\System32\GDI32.dll
0x00007ffada6a0000 - 0x00007ffada7b5000 	C:\Windows\System32\gdi32full.dll
0x00007ffada7c0000 - 0x00007ffada85d000 	C:\Windows\System32\msvcp_win.dll
0x00007ffadb710000 - 0x00007ffadb740000 	C:\Windows\System32\IMM32.DLL
0x00007ffac4cb0000 - 0x00007ffac4cbc000 	C:\Program Files\Eclipse Adoptium\jdk-11.0.18.10-hotspot\bin\vcruntime140_1.dll
0x00007ffa9ae00000 - 0x00007ffa9ae91000 	C:\Program Files\Eclipse Adoptium\jdk-11.0.18.10-hotspot\bin\msvcp140.dll
0x00007ffa7adb0000 - 0x00007ffa7b96a000 	C:\Program Files\Eclipse Adoptium\jdk-11.0.18.10-hotspot\bin\server\jvm.dll
0x00007ffadb740000 - 0x00007ffadb7ef000 	C:\Windows\System32\ADVAPI32.dll
0x00007ffadbd10000 - 0x00007ffadbdac000 	C:\Windows\System32\sechost.dll
0x00007ffadc350000 - 0x00007ffadc476000 	C:\Windows\System32\RPCRT4.dll
0x00007ffadc140000 - 0x00007ffadc148000 	C:\Windows\System32\PSAPI.DLL
0x00007ffad7710000 - 0x00007ffad7719000 	C:\Windows\SYSTEM32\WSOCK32.dll
0x00007ffad1eb0000 - 0x00007ffad1ed7000 	C:\Windows\SYSTEM32\WINMM.dll
0x00007ffadbca0000 - 0x00007ffadbd0b000 	C:\Windows\System32\WS2_32.dll
0x00007ffad31d0000 - 0x00007ffad31da000 	C:\Windows\SYSTEM32\VERSION.dll
0x00007ffad7ed0000 - 0x00007ffad7ee2000 	C:\Windows\SYSTEM32\kernel.appcore.dll
0x00007ffac20d0000 - 0x00007ffac20e0000 	C:\Program Files\Eclipse Adoptium\jdk-11.0.18.10-hotspot\bin\verify.dll
0x00007ffad3680000 - 0x00007ffad3864000 	C:\Windows\SYSTEM32\DBGHELP.DLL
0x00007ffac9d70000 - 0x00007ffac9da4000 	C:\Windows\SYSTEM32\dbgcore.DLL
0x00007ffada610000 - 0x00007ffada692000 	C:\Windows\System32\bcryptPrimitives.dll
0x00007ffaa8e70000 - 0x00007ffaa8e98000 	C:\Program Files\Eclipse Adoptium\jdk-11.0.18.10-hotspot\bin\java.dll
0x00007ffac1ec0000 - 0x00007ffac1eca000 	C:\Program Files\Eclipse Adoptium\jdk-11.0.18.10-hotspot\bin\jimage.dll
0x00007ffaa9630000 - 0x00007ffaa9648000 	C:\Program Files\Eclipse Adoptium\jdk-11.0.18.10-hotspot\bin\zip.dll

dbghelp: loaded successfully - version: 4.0.5 - missing functions: none
symbol engine: initialized successfully - sym options: 0x614 - pdb path: .;C:\Program Files\Eclipse Adoptium\jdk-11.0.18.10-hotspot\bin;C:\Windows\SYSTEM32;C:\Windows\WinSxS\amd64_microsoft.windows.common-controls_6595b64144ccf1df_6.0.19041.1110_none_60b5254171f9507e;C:\Program Files\Eclipse Adoptium\jdk-11.0.18.10-hotspot\bin\server

VM Arguments:
java_command: <unknown>
java_class_path (initial): <not set>
Launcher Type: SUN_STANDARD

[Global flags]
     intx CICompilerCount                          = 12                                        {product} {ergonomic}
     uint ConcGCThreads                            = 3                                         {product} {ergonomic}
     uint G1ConcRefinementThreads                  = 13                                        {product} {ergonomic}
   size_t G1HeapRegionSize                         = 1048576                                   {product} {ergonomic}
    uintx GCDrainStackTargetSize                   = 64                                        {product} {ergonomic}
   size_t InitialHeapSize                          = 268435456                                 {product} {ergonomic}
   size_t MarkStackSize                            = 4194304                                   {product} {ergonomic}
   size_t MaxHeapSize                              = 4282384384                                {product} {ergonomic}
   size_t MinHeapDeltaBytes                        = 1048576                                   {product} {ergonomic}
    uintx NonNMethodCodeHeapSize                   = 7594288                                {pd product} {ergonomic}
    uintx NonProfiledCodeHeapSize                  = 122031976                              {pd product} {ergonomic}
    uintx ProfiledCodeHeapSize                     = 122031976                              {pd product} {ergonomic}
    uintx ReservedCodeCacheSize                    = 251658240                              {pd product} {ergonomic}
     bool SegmentedCodeCache                       = true                                      {product} {ergonomic}
     bool UseCompressedClassPointers               = true                                 {lp64_product} {ergonomic}
     bool UseCompressedOops                        = true                                 {lp64_product} {ergonomic}
     bool UseG1GC                                  = true                                      {product} {ergonomic}
     bool UseLargePagesIndividualAllocation        = false                                  {pd product} {ergonomic}

Logging:
Log output configuration:
 #0: stdout all=warning uptime,level,tags
 #1: stderr all=off uptime,level,tags

Environment Variables:
PATH=C:\Program Files\Eclipse Adoptium\jdk-11.0.18.10-hotspot\bin;C:\Windows\SYSTEM32;C:\Windows;C:\Windows\SYSTEM32\WBEM;C:\Windows\SYSTEM32\WINDOWSPOWERSHELL\V1.0\;C:\Windows\SYSTEM32\OPENSSH\;C:\Program Files\Git\cmd;D:\Web driver\chrome-win64;C:\Users\F\AppData\Local\Microsoft\WindowsApps;C:\Users\F\AppData\Local\Programs\Microsoft VS Code\bin;D:\Web driver\chrome-win64;
USERNAME=F
OS=Windows_NT
PROCESSOR_IDENTIFIER=AMD64 Family 23 Model 8 Stepping 2, AuthenticAMD
TMP=C:\Users\F\AppData\Local\Temp
TEMP=C:\Users\F\AppData\Local\Temp



---------------  S Y S T E M  ---------------

OS: Windows 10 , 64 bit Build 19041 (10.0.19041.3155)
OS uptime: 2 days 0:43 hours

CPU:total 16 (initial active 16) (16 cores per cpu, 2 threads per core) family 23 model 8 stepping 2 microcode 0x0, cmov, cx8, fxsr, mmx, sse, sse2, sse3, ssse3, sse4.1, sse4.2, popcnt, avx, avx2, aes, clmul, mmxext, 3dnowpref, lzcnt, sse4a, ht, tsc, tscinvbit, tscinv, bmi1, bmi2, adx, sha, fma

Memory: 4k page, system-wide physical 16335M (4310M free)
TotalPageFile size 16335M (AvailPageFile size 239M)
current process WorkingSet (physical memory assigned to process): 10M, peak: 10M
current process commit charge ("private bytes"): 71M, peak: 327M

vm_info: OpenJDK 64-Bit Server VM (11.0.18+10) for windows-amd64 JRE (11.0.18+10), built on Jan 18 2023 04:27:27 by "" with MS VC++ 16.7 (VS2019)

END.
