#
# There is insufficient memory for the Java Runtime Environment to continue.
# Native memory allocation (mmap) failed to map 268435456 bytes for Failed to commit area from 0x00000000e0000000 to 0x00000000f0000000 of length 268435456.
# Possible reasons:
#   The system is out of physical RAM or swap space
#   The process is running with CompressedOops enabled, and the Java Heap may be blocking the growth of the native heap
# Possible solutions:
#   Reduce memory load on the system
#   Increase physical memory or swap space
#   Check if swap backing store is full
#   Decrease Java heap size (-Xmx/-Xms)
#   Decrease number of Java threads
#   Decrease Java thread stack sizes (-Xss)
#   Set larger code cache with -XX:ReservedCodeCacheSize=
# This output file may be truncated or incomplete.
#
#  Out of Memory Error (os_windows.cpp:3386), pid=928, tid=17632
#
# JRE version:  (11.0.19+7) (build )
# Java VM: OpenJDK 64-Bit Server VM (11.0.19+7-LTS, mixed mode, sharing, tiered, compressed oops, g1 gc, windows-amd64)
# No core dump will be written. Minidumps are not enabled by default on client versions of Windows
#

---------------  S U M M A R Y ------------

Command Line: -Dorg.gradle.internal.worker.tmpdir=C:\Users\F\Desktop\Java\clone\aqa-code\api-ci\Web\build\tmp\test\work -Dorg.gradle.native=false -Xmx512m -Dfile.encoding=windows-1251 -Duser.country=RU -Duser.language=ru -Duser.variant -ea worker.org.gradle.process.internal.worker.GradleWorkerMain 'Gradle Test Executor 4'

Host: AMD Ryzen 7 PRO 2700 Eight-Core Processor      , 16 cores, 15G,  Windows 10 , 64 bit Build 19041 (10.0.19041.3155)
Time: Thu Aug 17 17:47:57 2023 RTZ 2 (s 10 , 64 bit Build 19041 (10.0.19041.3155) elapsed time: 0.010904 seconds (0d 0h 0m 0s)

---------------  T H R E A D  ---------------

Current thread (0x000002ade7a93800):  JavaThread "Unknown thread" [_thread_in_vm, id=17632, stack(0x000000bc51400000,0x000000bc51500000)]

Stack: [0x000000bc51400000,0x000000bc51500000]
Native frames: (J=compiled Java code, j=interpreted, Vv=VM code, C=native code)
V  [jvm.dll+0x6235aa]
V  [jvm.dll+0x7b0f89]
V  [jvm.dll+0x7b2678]
V  [jvm.dll+0x7b2d53]
V  [jvm.dll+0x24fe38]
V  [jvm.dll+0x6208ba]
V  [jvm.dll+0x614e75]
V  [jvm.dll+0x30a81c]
V  [jvm.dll+0x30a6a2]
V  [jvm.dll+0x30f3b6]
V  [jvm.dll+0x35597f]
V  [jvm.dll+0x3553b0]
V  [jvm.dll+0x2e7788]
V  [jvm.dll+0x2e88e6]
V  [jvm.dll+0x78add7]
V  [jvm.dll+0x78c55f]
V  [jvm.dll+0x3626d9]
V  [jvm.dll+0x76dd40]
V  [jvm.dll+0x3d142f]
V  [jvm.dll+0x3d37c1]
C  [jli.dll+0x5227]
C  [ucrtbase.dll+0x21bb2]
C  [KERNEL32.DLL+0x17614]
C  [ntdll.dll+0x526b1]


---------------  P R O C E S S  ---------------

Threads class SMR info:
_java_thread_list=0x000002ade7854d70, length=0, elements={
}

Java Threads: ( => current thread )

Other Threads:
  0x000002ade7ab0000 GCTaskThread "GC Thread#0" [stack: 0x000000bc51500000,0x000000bc51600000] [id=1320]
  0x000002ade7ac3800 ConcurrentGCThread "G1 Main Marker" [stack: 0x000000bc51600000,0x000000bc51700000] [id=3536]
  0x000002ade7ac5000 ConcurrentGCThread "G1 Conc#0" [stack: 0x000000bc51700000,0x000000bc51800000] [id=3848]

[error occurred during error reporting (printing all threads), id 0xc0000005, EXCEPTION_ACCESS_VIOLATION (0xc0000005) at pc=0x00007ffa92ee6fc7]

VM state:not at safepoint (not fully initialized)

VM Mutex/Monitor currently owned by a thread:  ([mutex/lock_event])
[0x000002ade7a90cd0] Heap_lock - owner thread: 0x000002ade7a93800

Heap address: 0x00000000e0000000, size: 512 MB, Compressed Oops mode: Non-zero based: 0x00000000e0000000
Narrow klass base: 0x0000000000000000, Narrow klass shift: 0

GC Heap History (0 events):
No events

Deoptimization events (0 events):
No events

Classes redefined (0 events):
No events

Internal exceptions (0 events):
No events

Events (1 events):
Event: 0.007 Loaded shared library C:\Users\F\.jdks\corretto-11.0.19\bin\zip.dll


Dynamic libraries:
0x00007ff686870000 - 0x00007ff68687d000 	C:\Users\F\.jdks\corretto-11.0.19\bin\java.exe
0x00007ffadc930000 - 0x00007ffadcb28000 	C:\Windows\SYSTEM32\ntdll.dll
0x00007ffadc080000 - 0x00007ffadc13f000 	C:\Windows\System32\KERNEL32.DLL
0x00007ffada010000 - 0x00007ffada306000 	C:\Windows\System32\KERNELBASE.dll
0x00007ffada860000 - 0x00007ffada960000 	C:\Windows\System32\ucrtbase.dll
0x00007ffac7b30000 - 0x00007ffac7b49000 	C:\Users\F\.jdks\corretto-11.0.19\bin\VCRUNTIME140.dll
0x00007ffac20e0000 - 0x00007ffac20f7000 	C:\Users\F\.jdks\corretto-11.0.19\bin\jli.dll
0x00007ffadb900000 - 0x00007ffadba9d000 	C:\Windows\System32\USER32.dll
0x00007ffacc3e0000 - 0x00007ffacc67a000 	C:\Windows\WinSxS\amd64_microsoft.windows.common-controls_6595b64144ccf1df_6.0.19041.1110_none_60b5254171f9507e\COMCTL32.dll
0x00007ffada960000 - 0x00007ffada982000 	C:\Windows\System32\win32u.dll
0x00007ffadabc0000 - 0x00007ffadac5e000 	C:\Windows\System32\msvcrt.dll
0x00007ffadbc60000 - 0x00007ffadbc8c000 	C:\Windows\System32\GDI32.dll
0x00007ffada6a0000 - 0x00007ffada7b5000 	C:\Windows\System32\gdi32full.dll
0x00007ffada7c0000 - 0x00007ffada85d000 	C:\Windows\System32\msvcp_win.dll
0x00007ffadb710000 - 0x00007ffadb740000 	C:\Windows\System32\IMM32.DLL
0x00007ffaa91e0000 - 0x00007ffaa927b000 	C:\Users\F\.jdks\corretto-11.0.19\bin\msvcp140.dll
0x00007ffa92bf0000 - 0x00007ffa9377a000 	C:\Users\F\.jdks\corretto-11.0.19\bin\server\jvm.dll
0x00007ffadb740000 - 0x00007ffadb7ef000 	C:\Windows\System32\ADVAPI32.dll
0x00007ffadbd10000 - 0x00007ffadbdac000 	C:\Windows\System32\sechost.dll
0x00007ffadc350000 - 0x00007ffadc476000 	C:\Windows\System32\RPCRT4.dll
0x00007ffadc140000 - 0x00007ffadc148000 	C:\Windows\System32\PSAPI.DLL
0x00007ffad7710000 - 0x00007ffad7719000 	C:\Windows\SYSTEM32\WSOCK32.dll
0x00007ffad1eb0000 - 0x00007ffad1ed7000 	C:\Windows\SYSTEM32\WINMM.dll
0x00007ffad31d0000 - 0x00007ffad31da000 	C:\Windows\SYSTEM32\VERSION.dll
0x00007ffadbca0000 - 0x00007ffadbd0b000 	C:\Windows\System32\WS2_32.dll
0x00007ffad7ed0000 - 0x00007ffad7ee2000 	C:\Windows\SYSTEM32\kernel.appcore.dll
0x00007ffac8c00000 - 0x00007ffac8c10000 	C:\Users\F\.jdks\corretto-11.0.19\bin\verify.dll
0x00007ffad3680000 - 0x00007ffad3864000 	C:\Windows\SYSTEM32\DBGHELP.DLL
0x00007ffac9d70000 - 0x00007ffac9da4000 	C:\Windows\SYSTEM32\dbgcore.DLL
0x00007ffada610000 - 0x00007ffada692000 	C:\Windows\System32\bcryptPrimitives.dll
0x00007ffab5e50000 - 0x00007ffab5e78000 	C:\Users\F\.jdks\corretto-11.0.19\bin\java.dll
0x00007ffac85a0000 - 0x00007ffac85aa000 	C:\Users\F\.jdks\corretto-11.0.19\bin\jimage.dll
0x00007ffabd230000 - 0x00007ffabd248000 	C:\Users\F\.jdks\corretto-11.0.19\bin\zip.dll

dbghelp: loaded successfully - version: 4.0.5 - missing functions: none
symbol engine: initialized successfully - sym options: 0x614 - pdb path: .;C:\Users\F\.jdks\corretto-11.0.19\bin;C:\Windows\SYSTEM32;C:\Windows\WinSxS\amd64_microsoft.windows.common-controls_6595b64144ccf1df_6.0.19041.1110_none_60b5254171f9507e;C:\Users\F\.jdks\corretto-11.0.19\bin\server

VM Arguments:
jvm_args: -Dorg.gradle.internal.worker.tmpdir=C:\Users\F\Desktop\Java\clone\aqa-code\api-ci\Web\build\tmp\test\work -Dorg.gradle.native=false -Xmx512m -Dfile.encoding=windows-1251 -Duser.country=RU -Duser.language=ru -Duser.variant -ea 
java_command: worker.org.gradle.process.internal.worker.GradleWorkerMain 'Gradle Test Executor 4'
java_class_path (initial): C:\\Users\\F\\.gradle\\caches\\8.0\\workerMain\\gradle-worker.jar;C:\\Users\\F\\Desktop\\Java\\clone\\aqa-code\\api-ci\\Web\\build\\classes\\java\\test;C:\\Users\\F\\.gradle\\caches\\modules-2\\files-2.1\\org.junit.jupiter\\junit-jupiter-params\\5.6.1\\3a9033e0bde8085cb357b20b220f2e1aae429f52\\junit-jupiter-params-5.6.1.jar;C:\\Users\\F\\.gradle\\caches\\modules-2\\files-2.1\\org.junit.jupiter\\junit-jupiter-engine\\5.6.1\\f9686cdeb1b70e7928656379b1a116450a391ea2\\junit-jupiter-engine-5.6.1.jar;C:\\Users\\F\\.gradle\\caches\\modules-2\\files-2.1\\org.junit.jupiter\\junit-jupiter-api\\5.6.1\\552e8b1410c1e210841a9b7e0dab65b5dcb8208b\\junit-jupiter-api-5.6.1.jar;C:\\Users\\F\\.gradle\\caches\\modules-2\\files-2.1\\org.junit.platform\\junit-platform-engine\\1.6.1\\e93ddd6d2e6e7d1ff6439fe61ab6a862edb066f7\\junit-platform-engine-1.6.1.jar;C:\\Users\\F\\.gradle\\caches\\modules-2\\files-2.1\\org.junit.platform\\junit-platform-commons\\1.6.1\\3211988f6980e1bd68e2b4049f32c2076a0b93ed\\junit-platform-commons-1.6.1.jar;C:\\Users\\F\\.gradle\\caches\\modules-2\\files-2.1\\org.junit.jupiter\\junit-jupiter\\5.6.1\\4ae716895f1ee8a5720c02c8f2ae749bf7f7de18\\junit-jupiter-5.6.1.jar;C:\\Users\\F\\.gradle\\caches\\modules-2\\files-2.1\\org.seleniumhq.selenium\\selenium-java\\4.8.3\\18cef0adbc08d152da07b234a04f6e8240ce215f\\selenium-java-4.8.3.jar;C:\\Users\\F\\.gradle\\caches\\modules-2\\files-2.1\\io.github.bonigarcia\\webdrivermanager\\5.4.1\\442d8a6a6e5ad6aad7e1ac281be5845ad13b6ff0\\webdrivermanager-5.4.1.jar;C:\\Users\\F\\.gradle\\caches\\modules-2\\files-2.1\\org.seleniumhq.selenium\\selenium-chrome-driver\\4.8.3\\7754d644b681293fabf8d25418000916445cc739\\selenium-chrome-driver-4.8.3.jar;C:\\Users\\F\\.gradle\\caches\\modules-2\\files-2.1\\org.seleniumhq.selenium\\selenium-devtools-v109\\4.8.3\\76fc1fa9696c9bb10351debdeaead62e6dc760a6\\selenium-devtools-v109-4.8.3.jar;C:\\Users\\F\\.gradle\\caches\\modules-2\\files-2.1\\org.seleniumhq.selenium\\seleni
Launcher Type: SUN_STANDARD

[Global flags]
     intx CICompilerCount                          = 12                                        {product} {ergonomic}
     uint ConcGCThreads                            = 3                                         {product} {ergonomic}
     uint G1ConcRefinementThreads                  = 13                                        {product} {ergonomic}
   size_t G1HeapRegionSize                         = 1048576                                   {product} {ergonomic}
    uintx GCDrainStackTargetSize                   = 64                                        {product} {ergonomic}
   size_t InitialHeapSize                          = 268435456                                 {product} {ergonomic}
   size_t MarkStackSize                            = 4194304                                   {product} {ergonomic}
   size_t MaxHeapSize                              = 536870912                                 {product} {command line}
   size_t MinHeapDeltaBytes                        = 1048576                                   {product} {ergonomic}
    uintx NonNMethodCodeHeapSize                   = 7594288                                {pd product} {ergonomic}
    uintx NonProfiledCodeHeapSize                  = 122031976                              {pd product} {ergonomic}
    uintx ProfiledCodeHeapSize                     = 122031976                              {pd product} {ergonomic}
    uintx ReservedCodeCacheSize                    = 251658240                              {pd product} {ergonomic}
     bool SegmentedCodeCache                       = true                                      {product} {ergonomic}
     bool UseCompressedClassPointers               = true                                 {lp64_product} {ergonomic}
     bool UseCompressedOops                        = true                                 {lp64_product} {ergonomic}
     bool UseG1GC                                  = true                                      {product} {ergonomic}
     bool UseLargePagesIndividualAllocation        = false                                  {pd product} {ergonomic}

Logging:
Log output configuration:
 #0: stdout all=warning uptime,level,tags
 #1: stderr all=off uptime,level,tags

Environment Variables:
PATH=C:\Program Files\Eclipse Adoptium\jdk-11.0.18.10-hotspot\bin;C:\Windows\SYSTEM32;C:\Windows;C:\Windows\SYSTEM32\WBEM;C:\Windows\SYSTEM32\WINDOWSPOWERSHELL\V1.0\;C:\Windows\SYSTEM32\OPENSSH\;C:\Program Files\Git\cmd;D:\Web driver\chrome-win64;C:\Users\F\AppData\Local\Microsoft\WindowsApps;C:\Users\F\AppData\Local\Programs\Microsoft VS Code\bin;D:\Web driver\chrome-win64;
USERNAME=F
OS=Windows_NT
PROCESSOR_IDENTIFIER=AMD64 Family 23 Model 8 Stepping 2, AuthenticAMD
TMP=C:\Users\F\AppData\Local\Temp
TEMP=C:\Users\F\AppData\Local\Temp



---------------  S Y S T E M  ---------------

OS: Windows 10 , 64 bit Build 19041 (10.0.19041.3155)
OS uptime: 1 days 23:35 hours

CPU:total 16 (initial active 16) (16 cores per cpu, 2 threads per core) family 23 model 8 stepping 2 microcode 0x0, cmov, cx8, fxsr, mmx, sse, sse2, sse3, ssse3, sse4.1, sse4.2, popcnt, avx, avx2, aes, clmul, mmxext, 3dnowpref, lzcnt, sse4a, ht, tsc, tscinvbit, tscinv, bmi1, bmi2, adx, sha, fma

Memory: 4k page, system-wide physical 16335M (4456M free)
TotalPageFile size 16335M (AvailPageFile size 169M)
current process WorkingSet (physical memory assigned to process): 10M, peak: 10M
current process commit charge ("private bytes"): 69M, peak: 325M

vm_info: OpenJDK 64-Bit Server VM (11.0.19+7-LTS) for windows-amd64 JRE (11.0.19+7-LTS), built on Apr 13 2023 22:56:25 by "Administrator" with MS VC++ 15.9 (VS2017)

END.
